# JRE version: OpenJDK Runtime Environment (8.0_152-b01) (build 1.8.0_152-release-1248-b01)
# Java VM: OpenJDK 64-Bit Server VM (25.152-b01 mixed mode windows-amd64 compressed oops)
Heap:
 PSYoungGen      total 404480K, used 72182K [0x00000000e0000000, 0x0000000100000000, 0x0000000100000000)
  eden space 293376K, 0% used [0x00000000e0000000,0x00000000e0000000,0x00000000f1e80000)
  from space 111104K, 64% used [0x00000000f1e80000,0x00000000f64fd8d0,0x00000000f8b00000)
  to   space 114688K, 0% used [0x00000000f9000000,0x00000000f9000000,0x0000000100000000)
 ParOldGen       total 300544K, used 227319K [0x00000000a0000000, 0x00000000b2580000, 0x00000000e0000000)
  object space 300544K, 75% used [0x00000000a0000000,0x00000000addfdd10,0x00000000b2580000)
 Metaspace       used 73165K, capacity 75191K, committed 75520K, reserved 1116160K
  class space    used 8123K, capacity 8578K, committed 8704K, reserved 1048576K
GC Heap History (10 events):
Event: 3296.220 GC heap after
Heap after GC invocations=32 (full 7):
 PSYoungGen      total 392704K, used 9115K [0x00000000e0000000, 0x00000000ffc80000, 0x0000000100000000)
  eden space 280064K, 0% used [0x00000000e0000000,0x00000000e0000000,0x00000000f1180000)
  from space 112640K, 8% used [0x00000000f1180000,0x00000000f1a66d68,0x00000000f7f80000)
  to   space 113152K, 0% used [0x00000000f8e00000,0x00000000f8e00000,0x00000000ffc80000)
 ParOldGen       total 300544K, used 113076K [0x00000000a0000000, 0x00000000b2580000, 0x00000000e0000000)
  object space 300544K, 37% used [0x00000000a0000000,0x00000000a6e6d0c0,0x00000000b2580000)
 Metaspace       used 71441K, capacity 73231K, committed 73472K, reserved 1114112K
  class space    used 7965K, capacity 8383K, committed 8448K, reserved 1048576K
}
Event: 6269.483 GC heap before
{Heap before GC invocations=33 (full 7):
 PSYoungGen      total 392704K, used 289179K [0x00000000e0000000, 0x00000000ffc80000, 0x0000000100000000)
  eden space 280064K, 100% used [0x00000000e0000000,0x00000000f1180000,0x00000000f1180000)
  from space 112640K, 8% used [0x00000000f1180000,0x00000000f1a66d68,0x00000000f7f80000)
  to   space 113152K, 0% used [0x00000000f8e00000,0x00000000f8e00000,0x00000000ffc80000)
 ParOldGen       total 300544K, used 113076K [0x00000000a0000000, 0x00000000b2580000, 0x00000000e0000000)
  object space 300544K, 37% used [0x00000000a0000000,0x00000000a6e6d0c0,0x00000000b2580000)
 Metaspace       used 71633K, capacity 73403K, committed 73472K, reserved 1114112K
  class space    used 7969K, capacity 8389K, committed 8448K, reserved 1048576K
Event: 6269.505 GC heap after
Heap after GC invocations=33 (full 7):
 PSYoungGen      total 409088K, used 12713K [0x00000000e0000000, 0x00000000ffd80000, 0x0000000100000000)
  eden space 295936K, 0% used [0x00000000e0000000,0x00000000e0000000,0x00000000f2100000)
  from space 113152K, 11% used [0x00000000f8e00000,0x00000000f9a6a7a0,0x00000000ffc80000)
  to   space 111616K, 0% used [0x00000000f2100000,0x00000000f2100000,0x00000000f8e00000)
 ParOldGen       total 300544K, used 119620K [0x00000000a0000000, 0x00000000b2580000, 0x00000000e0000000)
  object space 300544K, 39% used [0x00000000a0000000,0x00000000a74d1130,0x00000000b2580000)
 Metaspace       used 71633K, capacity 73403K, committed 73472K, reserved 1114112K
  class space    used 7969K, capacity 8389K, committed 8448K, reserved 1048576K
}
Event: 6272.220 GC heap before
{Heap before GC invocations=34 (full 7):
 PSYoungGen      total 409088K, used 308649K [0x00000000e0000000, 0x00000000ffd80000, 0x0000000100000000)
  eden space 295936K, 100% used [0x00000000e0000000,0x00000000f2100000,0x00000000f2100000)
  from space 113152K, 11% used [0x00000000f8e00000,0x00000000f9a6a7a0,0x00000000ffc80000)
  to   space 111616K, 0% used [0x00000000f2100000,0x00000000f2100000,0x00000000f8e00000)
 ParOldGen       total 300544K, used 119620K [0x00000000a0000000, 0x00000000b2580000, 0x00000000e0000000)
  object space 300544K, 39% used [0x00000000a0000000,0x00000000a74d1130,0x00000000b2580000)
 Metaspace       used 73101K, capacity 75169K, committed 75520K, reserved 1116160K
  class space    used 8119K, capacity 8574K, committed 8704K, reserved 1048576K
Event: 6272.266 GC heap after
Heap after GC invocations=34 (full 7):
 PSYoungGen      total 338944K, used 42650K [0x00000000e0000000, 0x00000000ff180000, 0x0000000100000000)
  eden space 295936K, 0% used [0x00000000e0000000,0x00000000e0000000,0x00000000f2100000)
  from space 43008K, 99% used [0x00000000f2100000,0x00000000f4aa6918,0x00000000f4b00000)
  to   space 104960K, 0% used [0x00000000f8b00000,0x00000000f8b00000,0x00000000ff180000)
 ParOldGen       total 300544K, used 125169K [0x00000000a0000000, 0x00000000b2580000, 0x00000000e0000000)
  object space 300544K, 41% used [0x00000000a0000000,0x00000000a7a3c4d0,0x00000000b2580000)
 Metaspace       used 73101K, capacity 75169K, committed 75520K, reserved 1116160K
  class space    used 8119K, capacity 8574K, committed 8704K, reserved 1048576K
}
Event: 6272.990 GC heap before
{Heap before GC invocations=35 (full 7):
 PSYoungGen      total 338944K, used 338586K [0x00000000e0000000, 0x00000000ff180000, 0x0000000100000000)
  eden space 295936K, 100% used [0x00000000e0000000,0x00000000f2100000,0x00000000f2100000)
  from space 43008K, 99% used [0x00000000f2100000,0x00000000f4aa6918,0x00000000f4b00000)
  to   space 104960K, 0% used [0x00000000f8b00000,0x00000000f8b00000,0x00000000ff180000)
 ParOldGen       total 300544K, used 125169K [0x00000000a0000000, 0x00000000b2580000, 0x00000000e0000000)
  object space 300544K, 41% used [0x00000000a0000000,0x00000000a7a3c4d0,0x00000000b2580000)
 Metaspace       used 73118K, capacity 75171K, committed 75520K, reserved 1116160K
  class space    used 8121K, capacity 8576K, committed 8704K, reserved 1048576K
Event: 6273.072 GC heap after
Heap after GC invocations=35 (full 7):
 PSYoungGen      total 398336K, used 75349K [0x00000000e0000000, 0x0000000100000000, 0x0000000100000000)
  eden space 293376K, 0% used [0x00000000e0000000,0x00000000e0000000,0x00000000f1e80000)
  from space 104960K, 71% used [0x00000000f8b00000,0x00000000fd4957a0,0x00000000ff180000)
  to   space 111104K, 0% used [0x00000000f1e80000,0x00000000f1e80000,0x00000000f8b00000)
 ParOldGen       total 300544K, used 152622K [0x00000000a0000000, 0x00000000b2580000, 0x00000000e0000000)
  object space 300544K, 50% used [0x00000000a0000000,0x00000000a950b8f8,0x00000000b2580000)
 Metaspace       used 73118K, capacity 75171K, committed 75520K, reserved 1116160K
  class space    used 8121K, capacity 8576K, committed 8704K, reserved 1048576K
}
Event: 6274.136 GC heap before
{Heap before GC invocations=36 (full 7):
 PSYoungGen      total 398336K, used 368725K [0x00000000e0000000, 0x0000000100000000, 0x0000000100000000)
  eden space 293376K, 100% used [0x00000000e0000000,0x00000000f1e80000,0x00000000f1e80000)
  from space 104960K, 71% used [0x00000000f8b00000,0x00000000fd4957a0,0x00000000ff180000)
  to   space 111104K, 0% used [0x00000000f1e80000,0x00000000f1e80000,0x00000000f8b00000)
 ParOldGen       total 300544K, used 152622K [0x00000000a0000000, 0x00000000b2580000, 0x00000000e0000000)
  object space 300544K, 50% used [0x00000000a0000000,0x00000000a950b8f8,0x00000000b2580000)
 Metaspace       used 73165K, capacity 75191K, committed 75520K, reserved 1116160K
  class space    used 8123K, capacity 8578K, committed 8704K, reserved 1048576K
Event: 6274.256 GC heap after
Heap after GC invocations=36 (full 7):
 PSYoungGen      total 404480K, used 72182K [0x00000000e0000000, 0x0000000100000000, 0x0000000100000000)
  eden space 293376K, 0% used [0x00000000e0000000,0x00000000e0000000,0x00000000f1e80000)
  from space 111104K, 64% used [0x00000000f1e80000,0x00000000f64fd8d0,0x00000000f8b00000)
  to   space 114688K, 0% used [0x00000000f9000000,0x00000000f9000000,0x0000000100000000)
 ParOldGen       total 300544K, used 227319K [0x00000000a0000000, 0x00000000b2580000, 0x00000000e0000000)
  object space 300544K, 75% used [0x00000000a0000000,0x00000000addfdd10,0x00000000b2580000)
 Metaspace       used 73165K, capacity 75191K, committed 75520K, reserved 1116160K
  class space    used 8123K, capacity 8578K, committed 8704K, reserved 1048576K
}
Event: 6274.256 GC heap before
{Heap before GC invocations=37 (full 8):
 PSYoungGen      total 404480K, used 72182K [0x00000000e0000000, 0x0000000100000000, 0x0000000100000000)
  eden space 293376K, 0% used [0x00000000e0000000,0x00000000e0000000,0x00000000f1e80000)
  from space 111104K, 64% used [0x00000000f1e80000,0x00000000f64fd8d0,0x00000000f8b00000)
  to   space 114688K, 0% used [0x00000000f9000000,0x00000000f9000000,0x0000000100000000)
 ParOldGen       total 300544K, used 227319K [0x00000000a0000000, 0x00000000b2580000, 0x00000000e0000000)
  object space 300544K, 75% used [0x00000000a0000000,0x00000000addfdd10,0x00000000b2580000)
 Metaspace       used 73165K, capacity 75191K, committed 75520K, reserved 1116160K
  class space    used 8123K, capacity 8578K, committed 8704K, reserved 1048576K

