# JRE version: OpenJDK Runtime Environment (8.0_152-b01) (build 1.8.0_152-release-1248-b01)
# Java VM: OpenJDK 64-Bit Server VM (25.152-b01 mixed mode windows-amd64 compressed oops)
Heap:
 PSYoungGen      total 194560K, used 167214K [0x00000000e0000000, 0x00000000efe80000, 0x0000000100000000)
  eden space 133632K, 100% used [0x00000000e0000000,0x00000000e8280000,0x00000000e8280000)
  from space 60928K, 55% used [0x00000000ebe00000,0x00000000edecb968,0x00000000ef980000)
  to   space 60928K, 21% used [0x00000000e8280000,0x00000000e8f1e578,0x00000000ebe00000)
 ParOldGen       total 117760K, used 106257K [0x00000000a0000000, 0x00000000a7300000, 0x00000000e0000000)
  object space 117760K, 90% used [0x00000000a0000000,0x00000000a67c8668,0x00000000a7300000)
 Metaspace       used 37058K, capacity 37579K, committed 38016K, reserved 1083392K
  class space    used 4515K, capacity 4634K, committed 4736K, reserved 1048576K
GC Heap History (10 events):
Event: 5.327 GC heap after
Heap after GC invocations=11 (full 3):
 PSYoungGen      total 84480K, used 18407K [0x00000000e0000000, 0x00000000e8a80000, 0x0000000100000000)
  eden space 66048K, 0% used [0x00000000e0000000,0x00000000e0000000,0x00000000e4080000)
  from space 18432K, 99% used [0x00000000e5c00000,0x00000000e6df9ee8,0x00000000e6e00000)
  to   space 28160K, 0% used [0x00000000e4080000,0x00000000e4080000,0x00000000e5c00000)
 ParOldGen       total 117760K, used 30537K [0x00000000a0000000, 0x00000000a7300000, 0x00000000e0000000)
  object space 117760K, 25% used [0x00000000a0000000,0x00000000a1dd26c0,0x00000000a7300000)
 Metaspace       used 35766K, capacity 36265K, committed 36520K, reserved 1081344K
  class space    used 4450K, capacity 4600K, committed 4608K, reserved 1048576K
}
Event: 5.703 GC heap before
{Heap before GC invocations=12 (full 3):
 PSYoungGen      total 84480K, used 84455K [0x00000000e0000000, 0x00000000e8a80000, 0x0000000100000000)
  eden space 66048K, 100% used [0x00000000e0000000,0x00000000e4080000,0x00000000e4080000)
  from space 18432K, 99% used [0x00000000e5c00000,0x00000000e6df9ee8,0x00000000e6e00000)
  to   space 28160K, 0% used [0x00000000e4080000,0x00000000e4080000,0x00000000e5c00000)
 ParOldGen       total 117760K, used 30537K [0x00000000a0000000, 0x00000000a7300000, 0x00000000e0000000)
  object space 117760K, 25% used [0x00000000a0000000,0x00000000a1dd26c0,0x00000000a7300000)
 Metaspace       used 36241K, capacity 36777K, committed 37032K, reserved 1081344K
  class space    used 4465K, capacity 4600K, committed 4608K, reserved 1048576K
Event: 5.748 GC heap after
Heap after GC invocations=12 (full 3):
 PSYoungGen      total 94208K, used 28129K [0x00000000e0000000, 0x00000000eb700000, 0x0000000100000000)
  eden space 66048K, 0% used [0x00000000e0000000,0x00000000e0000000,0x00000000e4080000)
  from space 28160K, 99% used [0x00000000e4080000,0x00000000e5bf8658,0x00000000e5c00000)
  to   space 39424K, 0% used [0x00000000e9080000,0x00000000e9080000,0x00000000eb700000)
 ParOldGen       total 117760K, used 47373K [0x00000000a0000000, 0x00000000a7300000, 0x00000000e0000000)
  object space 117760K, 40% used [0x00000000a0000000,0x00000000a2e436c0,0x00000000a7300000)
 Metaspace       used 36241K, capacity 36777K, committed 37032K, reserved 1081344K
  class space    used 4465K, capacity 4600K, committed 4608K, reserved 1048576K
}
Event: 6.344 GC heap before
{Heap before GC invocations=13 (full 3):
 PSYoungGen      total 94208K, used 94177K [0x00000000e0000000, 0x00000000eb700000, 0x0000000100000000)
  eden space 66048K, 100% used [0x00000000e0000000,0x00000000e4080000,0x00000000e4080000)
  from space 28160K, 99% used [0x00000000e4080000,0x00000000e5bf8658,0x00000000e5c00000)
  to   space 39424K, 0% used [0x00000000e9080000,0x00000000e9080000,0x00000000eb700000)
 ParOldGen       total 117760K, used 47373K [0x00000000a0000000, 0x00000000a7300000, 0x00000000e0000000)
  object space 117760K, 40% used [0x00000000a0000000,0x00000000a2e436c0,0x00000000a7300000)
 Metaspace       used 36769K, capacity 37257K, committed 37504K, reserved 1081344K
  class space    used 4484K, capacity 4632K, committed 4736K, reserved 1048576K
Event: 6.389 GC heap after
Heap after GC invocations=13 (full 3):
 PSYoungGen      total 130560K, used 37614K [0x00000000e0000000, 0x00000000eb580000, 0x0000000100000000)
  eden space 92672K, 0% used [0x00000000e0000000,0x00000000e0000000,0x00000000e5a80000)
  from space 37888K, 99% used [0x00000000e9080000,0x00000000eb53bbf8,0x00000000eb580000)
  to   space 45568K, 0% used [0x00000000e5c80000,0x00000000e5c80000,0x00000000e8900000)
 ParOldGen       total 117760K, used 47381K [0x00000000a0000000, 0x00000000a7300000, 0x00000000e0000000)
  object space 117760K, 40% used [0x00000000a0000000,0x00000000a2e456c0,0x00000000a7300000)
 Metaspace       used 36769K, capacity 37257K, committed 37504K, reserved 1081344K
  class space    used 4484K, capacity 4632K, committed 4736K, reserved 1048576K
}
Event: 6.778 GC heap before
{Heap before GC invocations=14 (full 3):
 PSYoungGen      total 130560K, used 130286K [0x00000000e0000000, 0x00000000eb580000, 0x0000000100000000)
  eden space 92672K, 100% used [0x00000000e0000000,0x00000000e5a80000,0x00000000e5a80000)
  from space 37888K, 99% used [0x00000000e9080000,0x00000000eb53bbf8,0x00000000eb580000)
  to   space 45568K, 0% used [0x00000000e5c80000,0x00000000e5c80000,0x00000000e8900000)
 ParOldGen       total 117760K, used 47381K [0x00000000a0000000, 0x00000000a7300000, 0x00000000e0000000)
  object space 117760K, 40% used [0x00000000a0000000,0x00000000a2e456c0,0x00000000a7300000)
 Metaspace       used 37001K, capacity 37515K, committed 37760K, reserved 1083392K
  class space    used 4507K, capacity 4634K, committed 4736K, reserved 1048576K
Event: 6.844 GC heap after
Heap after GC invocations=14 (full 3):
 PSYoungGen      total 140288K, used 45566K [0x00000000e0000000, 0x00000000ef980000, 0x0000000100000000)
  eden space 94720K, 0% used [0x00000000e0000000,0x00000000e0000000,0x00000000e5c80000)
  from space 45568K, 99% used [0x00000000e5c80000,0x00000000e88ff908,0x00000000e8900000)
  to   space 60928K, 0% used [0x00000000ebe00000,0x00000000ebe00000,0x00000000ef980000)
 ParOldGen       total 117760K, used 68954K [0x00000000a0000000, 0x00000000a7300000, 0x00000000e0000000)
  object space 117760K, 58% used [0x00000000a0000000,0x00000000a4356b00,0x00000000a7300000)
 Metaspace       used 37001K, capacity 37515K, committed 37760K, reserved 1083392K
  class space    used 4507K, capacity 4634K, committed 4736K, reserved 1048576K
}
Event: 7.234 GC heap before
{Heap before GC invocations=15 (full 3):
 PSYoungGen      total 140288K, used 140286K [0x00000000e0000000, 0x00000000ef980000, 0x0000000100000000)
  eden space 94720K, 100% used [0x00000000e0000000,0x00000000e5c80000,0x00000000e5c80000)
  from space 45568K, 99% used [0x00000000e5c80000,0x00000000e88ff908,0x00000000e8900000)
  to   space 60928K, 0% used [0x00000000ebe00000,0x00000000ebe00000,0x00000000ef980000)
 ParOldGen       total 117760K, used 68954K [0x00000000a0000000, 0x00000000a7300000, 0x00000000e0000000)
  object space 117760K, 58% used [0x00000000a0000000,0x00000000a4356b00,0x00000000a7300000)
 Metaspace       used 37049K, capacity 37515K, committed 37760K, reserved 1083392K
  class space    used 4515K, capacity 4634K, committed 4736K, reserved 1048576K
Event: 7.306 GC heap after
Heap after GC invocations=15 (full 3):
 PSYoungGen      total 194560K, used 33582K [0x00000000e0000000, 0x00000000efe80000, 0x0000000100000000)
  eden space 133632K, 0% used [0x00000000e0000000,0x00000000e0000000,0x00000000e8280000)
  from space 60928K, 55% used [0x00000000ebe00000,0x00000000edecb968,0x00000000ef980000)
  to   space 60928K, 0% used [0x00000000e8280000,0x00000000e8280000,0x00000000ebe00000)
 ParOldGen       total 117760K, used 86930K [0x00000000a0000000, 0x00000000a7300000, 0x00000000e0000000)
  object space 117760K, 73% used [0x00000000a0000000,0x00000000a54e4b60,0x00000000a7300000)
 Metaspace       used 37049K, capacity 37515K, committed 37760K, reserved 1083392K
  class space    used 4515K, capacity 4634K, committed 4736K, reserved 1048576K
}
Event: 7.726 GC heap before
{Heap before GC invocations=16 (full 3):
 PSYoungGen      total 194560K, used 167214K [0x00000000e0000000, 0x00000000efe80000, 0x0000000100000000)
  eden space 133632K, 100% used [0x00000000e0000000,0x00000000e8280000,0x00000000e8280000)
  from space 60928K, 55% used [0x00000000ebe00000,0x00000000edecb968,0x00000000ef980000)
  to   space 60928K, 0% used [0x00000000e8280000,0x00000000e8280000,0x00000000ebe00000)
 ParOldGen       total 117760K, used 86930K [0x00000000a0000000, 0x00000000a7300000, 0x00000000e0000000)
  object space 117760K, 73% used [0x00000000a0000000,0x00000000a54e4b60,0x00000000a7300000)
 Metaspace       used 37058K, capacity 37579K, committed 38016K, reserved 1083392K
  class space    used 4515K, capacity 4634K, committed 4736K, reserved 1048576K

