# JRE version: OpenJDK Runtime Environment (8.0_152-b01) (build 1.8.0_152-release-1248-b01)
# Java VM: OpenJDK 64-Bit Server VM (25.152-b01 mixed mode windows-amd64 compressed oops)
Heap:
 PSYoungGen      total 391168K, used 380960K [0x00000000e0000000, 0x0000000100000000, 0x0000000100000000)
  eden space 276992K, 99% used [0x00000000e0000000,0x00000000f0e786f8,0x00000000f0e80000)
  from space 114176K, 91% used [0x00000000f0e80000,0x00000000f740fb08,0x00000000f7e00000)
  to   space 130048K, 3% used [0x00000000f8100000,0x00000000f859b898,0x0000000100000000)
 ParOldGen       total 506880K, used 302106K [0x00000000a0000000, 0x00000000bef00000, 0x00000000e0000000)
  object space 506880K, 59% used [0x00000000a0000000,0x00000000b2708b68,0x00000000bef00000)
 Metaspace       used 90861K, capacity 95656K, committed 96600K, reserved 1132544K
  class space    used 11427K, capacity 12295K, committed 12672K, reserved 1048576K
GC Heap History (10 events):
Event: 4924.705 GC heap after
Heap after GC invocations=94 (full 9):
 PSYoungGen      total 383488K, used 0K [0x00000000e0000000, 0x0000000100000000, 0x0000000100000000)
  eden space 281088K, 0% used [0x00000000e0000000,0x00000000e0000000,0x00000000f1280000)
  from space 102400K, 0% used [0x00000000f1280000,0x00000000f1280000,0x00000000f7680000)
  to   space 130048K, 0% used [0x00000000f8100000,0x00000000f8100000,0x0000000100000000)
 ParOldGen       total 506880K, used 238241K [0x00000000a0000000, 0x00000000bef00000, 0x00000000e0000000)
  object space 506880K, 47% used [0x00000000a0000000,0x00000000ae8a87d8,0x00000000bef00000)
 Metaspace       used 90769K, capacity 95644K, committed 96600K, reserved 1132544K
  class space    used 11425K, capacity 12293K, committed 12672K, reserved 1048576K
}
Event: 4925.715 GC heap before
{Heap before GC invocations=95 (full 9):
 PSYoungGen      total 383488K, used 281088K [0x00000000e0000000, 0x0000000100000000, 0x0000000100000000)
  eden space 281088K, 100% used [0x00000000e0000000,0x00000000f1280000,0x00000000f1280000)
  from space 102400K, 0% used [0x00000000f1280000,0x00000000f1280000,0x00000000f7680000)
  to   space 130048K, 0% used [0x00000000f8100000,0x00000000f8100000,0x0000000100000000)
 ParOldGen       total 506880K, used 238241K [0x00000000a0000000, 0x00000000bef00000, 0x00000000e0000000)
  object space 506880K, 47% used [0x00000000a0000000,0x00000000ae8a87d8,0x00000000bef00000)
 Metaspace       used 90776K, capacity 95644K, committed 96600K, reserved 1132544K
  class space    used 11425K, capacity 12293K, committed 12672K, reserved 1048576K
Event: 4925.728 GC heap after
Heap after GC invocations=95 (full 9):
 PSYoungGen      total 399360K, used 28078K [0x00000000e0000000, 0x0000000100000000, 0x0000000100000000)
  eden space 269312K, 0% used [0x00000000e0000000,0x00000000e0000000,0x00000000f0700000)
  from space 130048K, 21% used [0x00000000f8100000,0x00000000f9c6b858,0x0000000100000000)
  to   space 124928K, 0% used [0x00000000f0700000,0x00000000f0700000,0x00000000f8100000)
 ParOldGen       total 506880K, used 238249K [0x00000000a0000000, 0x00000000bef00000, 0x00000000e0000000)
  object space 506880K, 47% used [0x00000000a0000000,0x00000000ae8aa7d8,0x00000000bef00000)
 Metaspace       used 90776K, capacity 95644K, committed 96600K, reserved 1132544K
  class space    used 11425K, capacity 12293K, committed 12672K, reserved 1048576K
}
Event: 6253.403 GC heap before
{Heap before GC invocations=96 (full 9):
 PSYoungGen      total 399360K, used 297390K [0x00000000e0000000, 0x0000000100000000, 0x0000000100000000)
  eden space 269312K, 100% used [0x00000000e0000000,0x00000000f0700000,0x00000000f0700000)
  from space 130048K, 21% used [0x00000000f8100000,0x00000000f9c6b858,0x0000000100000000)
  to   space 124928K, 0% used [0x00000000f0700000,0x00000000f0700000,0x00000000f8100000)
 ParOldGen       total 506880K, used 238249K [0x00000000a0000000, 0x00000000bef00000, 0x00000000e0000000)
  object space 506880K, 47% used [0x00000000a0000000,0x00000000ae8aa7d8,0x00000000bef00000)
 Metaspace       used 90834K, capacity 95656K, committed 96600K, reserved 1132544K
  class space    used 11427K, capacity 12295K, committed 12672K, reserved 1048576K
Event: 6253.433 GC heap after
Heap after GC invocations=96 (full 9):
 PSYoungGen      total 287232K, used 17816K [0x00000000e0000000, 0x00000000ff500000, 0x0000000100000000)
  eden space 269312K, 0% used [0x00000000e0000000,0x00000000e0000000,0x00000000f0700000)
  from space 17920K, 99% used [0x00000000f0700000,0x00000000f1866328,0x00000000f1880000)
  to   space 121856K, 0% used [0x00000000f7e00000,0x00000000f7e00000,0x00000000ff500000)
 ParOldGen       total 506880K, used 260902K [0x00000000a0000000, 0x00000000bef00000, 0x00000000e0000000)
  object space 506880K, 51% used [0x00000000a0000000,0x00000000afec9ba0,0x00000000bef00000)
 Metaspace       used 90834K, capacity 95656K, committed 96600K, reserved 1132544K
  class space    used 11427K, capacity 12295K, committed 12672K, reserved 1048576K
}
Event: 6261.668 GC heap before
{Heap before GC invocations=97 (full 9):
 PSYoungGen      total 287232K, used 287128K [0x00000000e0000000, 0x00000000ff500000, 0x0000000100000000)
  eden space 269312K, 100% used [0x00000000e0000000,0x00000000f0700000,0x00000000f0700000)
  from space 17920K, 99% used [0x00000000f0700000,0x00000000f1866328,0x00000000f1880000)
  to   space 121856K, 0% used [0x00000000f7e00000,0x00000000f7e00000,0x00000000ff500000)
 ParOldGen       total 506880K, used 260902K [0x00000000a0000000, 0x00000000bef00000, 0x00000000e0000000)
  object space 506880K, 51% used [0x00000000a0000000,0x00000000afec9ba0,0x00000000bef00000)
 Metaspace       used 90855K, capacity 95656K, committed 96600K, reserved 1132544K
  class space    used 11427K, capacity 12295K, committed 12672K, reserved 1048576K
Event: 6261.688 GC heap after
Heap after GC invocations=97 (full 9):
 PSYoungGen      total 398848K, used 40094K [0x00000000e0000000, 0x0000000100000000, 0x0000000100000000)
  eden space 276992K, 0% used [0x00000000e0000000,0x00000000e0000000,0x00000000f0e80000)
  from space 121856K, 32% used [0x00000000f7e00000,0x00000000fa5279c8,0x00000000ff500000)
  to   space 114176K, 0% used [0x00000000f0e80000,0x00000000f0e80000,0x00000000f7e00000)
 ParOldGen       total 506880K, used 266588K [0x00000000a0000000, 0x00000000bef00000, 0x00000000e0000000)
  object space 506880K, 52% used [0x00000000a0000000,0x00000000b04570c0,0x00000000bef00000)
 Metaspace       used 90855K, capacity 95656K, committed 96600K, reserved 1132544K
  class space    used 11427K, capacity 12295K, committed 12672K, reserved 1048576K
}
Event: 6263.634 GC heap before
{Heap before GC invocations=98 (full 9):
 PSYoungGen      total 398848K, used 317086K [0x00000000e0000000, 0x0000000100000000, 0x0000000100000000)
  eden space 276992K, 100% used [0x00000000e0000000,0x00000000f0e80000,0x00000000f0e80000)
  from space 121856K, 32% used [0x00000000f7e00000,0x00000000fa5279c8,0x00000000ff500000)
  to   space 114176K, 0% used [0x00000000f0e80000,0x00000000f0e80000,0x00000000f7e00000)
 ParOldGen       total 506880K, used 266588K [0x00000000a0000000, 0x00000000bef00000, 0x00000000e0000000)
  object space 506880K, 52% used [0x00000000a0000000,0x00000000b04570c0,0x00000000bef00000)
 Metaspace       used 90855K, capacity 95656K, committed 96600K, reserved 1132544K
  class space    used 11427K, capacity 12295K, committed 12672K, reserved 1048576K
Event: 6263.817 GC heap after
Heap after GC invocations=98 (full 9):
 PSYoungGen      total 391168K, used 103998K [0x00000000e0000000, 0x0000000100000000, 0x0000000100000000)
  eden space 276992K, 0% used [0x00000000e0000000,0x00000000e0000000,0x00000000f0e80000)
  from space 114176K, 91% used [0x00000000f0e80000,0x00000000f740fb08,0x00000000f7e00000)
  to   space 130048K, 0% used [0x00000000f8100000,0x00000000f8100000,0x0000000100000000)
 ParOldGen       total 506880K, used 287471K [0x00000000a0000000, 0x00000000bef00000, 0x00000000e0000000)
  object space 506880K, 56% used [0x00000000a0000000,0x00000000b18bbe20,0x00000000bef00000)
 Metaspace       used 90855K, capacity 95656K, committed 96600K, reserved 1132544K
  class space    used 11427K, capacity 12295K, committed 12672K, reserved 1048576K
}
Event: 6264.805 GC heap before
{Heap before GC invocations=99 (full 9):
 PSYoungGen      total 391168K, used 380960K [0x00000000e0000000, 0x0000000100000000, 0x0000000100000000)
  eden space 276992K, 99% used [0x00000000e0000000,0x00000000f0e786f8,0x00000000f0e80000)
  from space 114176K, 91% used [0x00000000f0e80000,0x00000000f740fb08,0x00000000f7e00000)
  to   space 130048K, 0% used [0x00000000f8100000,0x00000000f8100000,0x0000000100000000)
 ParOldGen       total 506880K, used 287471K [0x00000000a0000000, 0x00000000bef00000, 0x00000000e0000000)
  object space 506880K, 56% used [0x00000000a0000000,0x00000000b18bbe20,0x00000000bef00000)
 Metaspace       used 90861K, capacity 95656K, committed 96600K, reserved 1132544K
  class space    used 11427K, capacity 12295K, committed 12672K, reserved 1048576K

