# JRE version: OpenJDK Runtime Environment (8.0_152-b02) (build 1.8.0_152-release-1024-b02)
# Java VM: OpenJDK 64-Bit Server VM (25.152-b02 mixed mode windows-amd64 compressed oops)
Heap:
 PSYoungGen      total 361472K, used 4367K [0x00000000e0000000, 0x00000000f9b00000, 0x0000000100000000)
  eden space 302080K, 0% used [0x00000000e0000000,0x00000000e0000000,0x00000000f2700000)
  from space 59392K, 7% used [0x00000000f2700000,0x00000000f2b43e28,0x00000000f6100000)
  to   space 59392K, 0% used [0x00000000f6100000,0x00000000f6100000,0x00000000f9b00000)
 ParOldGen       total 108544K, used 86237K [0x00000000a0000000, 0x00000000a6a00000, 0x00000000e0000000)
  object space 108544K, 79% used [0x00000000a0000000,0x00000000a5437410,0x00000000a6a00000)
 Metaspace       used 79670K, capacity 82138K, committed 82304K, reserved 1122304K
  class space    used 8977K, capacity 9560K, committed 9600K, reserved 1048576K
GC Heap History (10 events):
Event: 1496.036 GC heap after
Heap after GC invocations=21 (full 4):
 PSYoungGen      total 387584K, used 45039K [0x00000000e0000000, 0x00000000fb780000, 0x0000000100000000)
  eden space 342528K, 0% used [0x00000000e0000000,0x00000000e0000000,0x00000000f4e80000)
  from space 45056K, 99% used [0x00000000f5d00000,0x00000000f88fbe60,0x00000000f8900000)
  to   space 47616K, 0% used [0x00000000f8900000,0x00000000f8900000,0x00000000fb780000)
 ParOldGen       total 108544K, used 74716K [0x00000000a0000000, 0x00000000a6a00000, 0x00000000e0000000)
  object space 108544K, 68% used [0x00000000a0000000,0x00000000a48f7290,0x00000000a6a00000)
 Metaspace       used 74450K, capacity 76490K, committed 76672K, reserved 1116160K
  class space    used 8496K, capacity 8988K, committed 9088K, reserved 1048576K
}
Event: 1517.616 GC heap before
{Heap before GC invocations=22 (full 4):
 PSYoungGen      total 387584K, used 387567K [0x00000000e0000000, 0x00000000fb780000, 0x0000000100000000)
  eden space 342528K, 100% used [0x00000000e0000000,0x00000000f4e80000,0x00000000f4e80000)
  from space 45056K, 99% used [0x00000000f5d00000,0x00000000f88fbe60,0x00000000f8900000)
  to   space 47616K, 0% used [0x00000000f8900000,0x00000000f8900000,0x00000000fb780000)
 ParOldGen       total 108544K, used 74716K [0x00000000a0000000, 0x00000000a6a00000, 0x00000000e0000000)
  object space 108544K, 68% used [0x00000000a0000000,0x00000000a48f7290,0x00000000a6a00000)
 Metaspace       used 75272K, capacity 77366K, committed 77440K, reserved 1118208K
  class space    used 8559K, capacity 9062K, committed 9088K, reserved 1048576K
Event: 1517.681 GC heap after
Heap after GC invocations=22 (full 4):
 PSYoungGen      total 375808K, used 47592K [0x00000000e0000000, 0x00000000fbc80000, 0x0000000100000000)
  eden space 328192K, 0% used [0x00000000e0000000,0x00000000e0000000,0x00000000f4080000)
  from space 47616K, 99% used [0x00000000f8900000,0x00000000fb77a280,0x00000000fb780000)
  to   space 63488K, 0% used [0x00000000f4080000,0x00000000f4080000,0x00000000f7e80000)
 ParOldGen       total 108544K, used 84686K [0x00000000a0000000, 0x00000000a6a00000, 0x00000000e0000000)
  object space 108544K, 78% used [0x00000000a0000000,0x00000000a52b3bc0,0x00000000a6a00000)
 Metaspace       used 75272K, capacity 77366K, committed 77440K, reserved 1118208K
  class space    used 8559K, capacity 9062K, committed 9088K, reserved 1048576K
}
Event: 1670.660 GC heap before
{Heap before GC invocations=23 (full 4):
 PSYoungGen      total 375808K, used 375784K [0x00000000e0000000, 0x00000000fbc80000, 0x0000000100000000)
  eden space 328192K, 100% used [0x00000000e0000000,0x00000000f4080000,0x00000000f4080000)
  from space 47616K, 99% used [0x00000000f8900000,0x00000000fb77a280,0x00000000fb780000)
  to   space 63488K, 0% used [0x00000000f4080000,0x00000000f4080000,0x00000000f7e80000)
 ParOldGen       total 108544K, used 84686K [0x00000000a0000000, 0x00000000a6a00000, 0x00000000e0000000)
  object space 108544K, 78% used [0x00000000a0000000,0x00000000a52b3bc0,0x00000000a6a00000)
 Metaspace       used 76775K, capacity 79030K, committed 79104K, reserved 1120256K
  class space    used 8664K, capacity 9208K, committed 9216K, reserved 1048576K
Event: 1670.778 GC heap after
Heap after GC invocations=23 (full 4):
 PSYoungGen      total 335872K, used 20551K [0x00000000e0000000, 0x00000000faa80000, 0x0000000100000000)
  eden space 314880K, 0% used [0x00000000e0000000,0x00000000e0000000,0x00000000f3380000)
  from space 20992K, 97% used [0x00000000f4080000,0x00000000f5491f48,0x00000000f5500000)
  to   space 60928K, 0% used [0x00000000f6f00000,0x00000000f6f00000,0x00000000faa80000)
 ParOldGen       total 108544K, used 85308K [0x00000000a0000000, 0x00000000a6a00000, 0x00000000e0000000)
  object space 108544K, 78% used [0x00000000a0000000,0x00000000a534f2a0,0x00000000a6a00000)
 Metaspace       used 76775K, capacity 79030K, committed 79104K, reserved 1120256K
  class space    used 8664K, capacity 9208K, committed 9216K, reserved 1048576K
}
Event: 2399.387 GC heap before
{Heap before GC invocations=24 (full 4):
 PSYoungGen      total 335872K, used 335431K [0x00000000e0000000, 0x00000000faa80000, 0x0000000100000000)
  eden space 314880K, 100% used [0x00000000e0000000,0x00000000f3380000,0x00000000f3380000)
  from space 20992K, 97% used [0x00000000f4080000,0x00000000f5491f48,0x00000000f5500000)
  to   space 60928K, 0% used [0x00000000f6f00000,0x00000000f6f00000,0x00000000faa80000)
 ParOldGen       total 108544K, used 85308K [0x00000000a0000000, 0x00000000a6a00000, 0x00000000e0000000)
  object space 108544K, 78% used [0x00000000a0000000,0x00000000a534f2a0,0x00000000a6a00000)
 Metaspace       used 79348K, capacity 81782K, committed 82048K, reserved 1122304K
  class space    used 8935K, capacity 9528K, committed 9600K, reserved 1048576K
Event: 2399.457 GC heap after
Heap after GC invocations=24 (full 4):
 PSYoungGen      total 347136K, used 12920K [0x00000000e0000000, 0x00000000f9b00000, 0x0000000100000000)
  eden space 302080K, 0% used [0x00000000e0000000,0x00000000e0000000,0x00000000f2700000)
  from space 45056K, 28% used [0x00000000f6f00000,0x00000000f7b9e240,0x00000000f9b00000)
  to   space 59392K, 0% used [0x00000000f2700000,0x00000000f2700000,0x00000000f6100000)
 ParOldGen       total 108544K, used 86229K [0x00000000a0000000, 0x00000000a6a00000, 0x00000000e0000000)
  object space 108544K, 79% used [0x00000000a0000000,0x00000000a5435410,0x00000000a6a00000)
 Metaspace       used 79348K, capacity 81782K, committed 82048K, reserved 1122304K
  class space    used 8935K, capacity 9528K, committed 9600K, reserved 1048576K
}
Event: 3652.490 GC heap before
{Heap before GC invocations=25 (full 4):
 PSYoungGen      total 347136K, used 107737K [0x00000000e0000000, 0x00000000f9b00000, 0x0000000100000000)
  eden space 302080K, 31% used [0x00000000e0000000,0x00000000e5c982d0,0x00000000f2700000)
  from space 45056K, 28% used [0x00000000f6f00000,0x00000000f7b9e240,0x00000000f9b00000)
  to   space 59392K, 0% used [0x00000000f2700000,0x00000000f2700000,0x00000000f6100000)
 ParOldGen       total 108544K, used 86229K [0x00000000a0000000, 0x00000000a6a00000, 0x00000000e0000000)
  object space 108544K, 79% used [0x00000000a0000000,0x00000000a5435410,0x00000000a6a00000)
 Metaspace       used 79670K, capacity 82138K, committed 82304K, reserved 1122304K
  class space    used 8977K, capacity 9560K, committed 9600K, reserved 1048576K
Event: 3653.483 GC heap after
Heap after GC invocations=25 (full 4):
 PSYoungGen      total 361472K, used 4367K [0x00000000e0000000, 0x00000000f9b00000, 0x0000000100000000)
  eden space 302080K, 0% used [0x00000000e0000000,0x00000000e0000000,0x00000000f2700000)
  from space 59392K, 7% used [0x00000000f2700000,0x00000000f2b43e28,0x00000000f6100000)
  to   space 59392K, 0% used [0x00000000f6100000,0x00000000f6100000,0x00000000f9b00000)
 ParOldGen       total 108544K, used 86237K [0x00000000a0000000, 0x00000000a6a00000, 0x00000000e0000000)
  object space 108544K, 79% used [0x00000000a0000000,0x00000000a5437410,0x00000000a6a00000)
 Metaspace       used 79670K, capacity 82138K, committed 82304K, reserved 1122304K
  class space    used 8977K, capacity 9560K, committed 9600K, reserved 1048576K
}
Event: 3653.494 GC heap before
{Heap before GC invocations=26 (full 5):
 PSYoungGen      total 361472K, used 4367K [0x00000000e0000000, 0x00000000f9b00000, 0x0000000100000000)
  eden space 302080K, 0% used [0x00000000e0000000,0x00000000e0000000,0x00000000f2700000)
  from space 59392K, 7% used [0x00000000f2700000,0x00000000f2b43e28,0x00000000f6100000)
  to   space 59392K, 0% used [0x00000000f6100000,0x00000000f6100000,0x00000000f9b00000)
 ParOldGen       total 108544K, used 86237K [0x00000000a0000000, 0x00000000a6a00000, 0x00000000e0000000)
  object space 108544K, 79% used [0x00000000a0000000,0x00000000a5437410,0x00000000a6a00000)
 Metaspace       used 79670K, capacity 82138K, committed 82304K, reserved 1122304K
  class space    used 8977K, capacity 9560K, committed 9600K, reserved 1048576K

