# JRE version: OpenJDK Runtime Environment (8.0_152-b01) (build 1.8.0_152-release-1248-b01)
# Java VM: OpenJDK 64-Bit Server VM (25.152-b01 mixed mode windows-amd64 compressed oops)
Heap:
 PSYoungGen      total 241664K, used 199940K [0x00000000e0000000, 0x00000000f3f00000, 0x0000000100000000)
  eden space 174080K, 100% used [0x00000000e0000000,0x00000000eaa00000,0x00000000eaa00000)
  from space 67584K, 38% used [0x00000000efd00000,0x00000000f1641240,0x00000000f3f00000)
  to   space 76288K, 54% used [0x00000000eaa00000,0x00000000ed296eb8,0x00000000ef480000)
 ParOldGen       total 272384K, used 154727K [0x00000000a0000000, 0x00000000b0a00000, 0x00000000e0000000)
  object space 272384K, 56% used [0x00000000a0000000,0x00000000a9719f00,0x00000000b0a00000)
 Metaspace       used 57031K, capacity 58103K, committed 58240K, reserved 1099776K
  class space    used 6751K, capacity 7006K, committed 7040K, reserved 1048576K
GC Heap History (10 events):
Event: 19.043 GC heap after
Heap after GC invocations=16 (full 3):
 PSYoungGen      total 146432K, used 48622K [0x00000000e0000000, 0x00000000f0080000, 0x0000000100000000)
  eden space 97792K, 0% used [0x00000000e0000000,0x00000000e0000000,0x00000000e5f80000)
  from space 48640K, 99% used [0x00000000e5f80000,0x00000000e8efba18,0x00000000e8f00000)
  to   space 65536K, 0% used [0x00000000ec080000,0x00000000ec080000,0x00000000f0080000)
 ParOldGen       total 131584K, used 96751K [0x00000000a0000000, 0x00000000a8080000, 0x00000000e0000000)
  object space 131584K, 73% used [0x00000000a0000000,0x00000000a5e7bff8,0x00000000a8080000)
 Metaspace       used 56000K, capacity 56959K, committed 57344K, reserved 1099776K
  class space    used 6682K, capacity 6909K, committed 6912K, reserved 1048576K
}
Event: 19.417 GC heap before
{Heap before GC invocations=17 (full 3):
 PSYoungGen      total 146432K, used 146414K [0x00000000e0000000, 0x00000000f0080000, 0x0000000100000000)
  eden space 97792K, 100% used [0x00000000e0000000,0x00000000e5f80000,0x00000000e5f80000)
  from space 48640K, 99% used [0x00000000e5f80000,0x00000000e8efba18,0x00000000e8f00000)
  to   space 65536K, 0% used [0x00000000ec080000,0x00000000ec080000,0x00000000f0080000)
 ParOldGen       total 131584K, used 96751K [0x00000000a0000000, 0x00000000a8080000, 0x00000000e0000000)
  object space 131584K, 73% used [0x00000000a0000000,0x00000000a5e7bff8,0x00000000a8080000)
 Metaspace       used 56221K, capacity 57217K, committed 57600K, reserved 1099776K
  class space    used 6705K, capacity 6911K, committed 6912K, reserved 1048576K
Event: 19.514 GC heap after
Heap after GC invocations=17 (full 3):
 PSYoungGen      total 186880K, used 64689K [0x00000000e0000000, 0x00000000f1d80000, 0x0000000100000000)
  eden space 121344K, 0% used [0x00000000e0000000,0x00000000e0000000,0x00000000e7680000)
  from space 65536K, 98% used [0x00000000ec080000,0x00000000effac6d0,0x00000000f0080000)
  to   space 75776K, 0% used [0x00000000e7680000,0x00000000e7680000,0x00000000ec080000)
 ParOldGen       total 131584K, used 109868K [0x00000000a0000000, 0x00000000a8080000, 0x00000000e0000000)
  object space 131584K, 83% used [0x00000000a0000000,0x00000000a6b4b220,0x00000000a8080000)
 Metaspace       used 56221K, capacity 57217K, committed 57600K, reserved 1099776K
  class space    used 6705K, capacity 6911K, committed 6912K, reserved 1048576K
}
Event: 19.892 GC heap before
{Heap before GC invocations=18 (full 3):
 PSYoungGen      total 186880K, used 186033K [0x00000000e0000000, 0x00000000f1d80000, 0x0000000100000000)
  eden space 121344K, 100% used [0x00000000e0000000,0x00000000e7680000,0x00000000e7680000)
  from space 65536K, 98% used [0x00000000ec080000,0x00000000effac6d0,0x00000000f0080000)
  to   space 75776K, 0% used [0x00000000e7680000,0x00000000e7680000,0x00000000ec080000)
 ParOldGen       total 131584K, used 109868K [0x00000000a0000000, 0x00000000a8080000, 0x00000000e0000000)
  object space 131584K, 83% used [0x00000000a0000000,0x00000000a6b4b220,0x00000000a8080000)
 Metaspace       used 56236K, capacity 57217K, committed 57600K, reserved 1099776K
  class space    used 6705K, capacity 6911K, committed 6912K, reserved 1048576K
Event: 19.980 GC heap after
Heap after GC invocations=18 (full 3):
 PSYoungGen      total 197120K, used 53501K [0x00000000e0000000, 0x00000000f4b80000, 0x0000000100000000)
  eden space 121344K, 0% used [0x00000000e0000000,0x00000000e0000000,0x00000000e7680000)
  from space 75776K, 70% used [0x00000000e7680000,0x00000000eaabf748,0x00000000ec080000)
  to   space 80384K, 0% used [0x00000000efd00000,0x00000000efd00000,0x00000000f4b80000)
 ParOldGen       total 145408K, used 145188K [0x00000000a0000000, 0x00000000a8e00000, 0x00000000e0000000)
  object space 145408K, 99% used [0x00000000a0000000,0x00000000a8dc9328,0x00000000a8e00000)
 Metaspace       used 56236K, capacity 57217K, committed 57600K, reserved 1099776K
  class space    used 6705K, capacity 6911K, committed 6912K, reserved 1048576K
}
Event: 19.980 GC heap before
{Heap before GC invocations=19 (full 4):
 PSYoungGen      total 197120K, used 53501K [0x00000000e0000000, 0x00000000f4b80000, 0x0000000100000000)
  eden space 121344K, 0% used [0x00000000e0000000,0x00000000e0000000,0x00000000e7680000)
  from space 75776K, 70% used [0x00000000e7680000,0x00000000eaabf748,0x00000000ec080000)
  to   space 80384K, 0% used [0x00000000efd00000,0x00000000efd00000,0x00000000f4b80000)
 ParOldGen       total 145408K, used 145188K [0x00000000a0000000, 0x00000000a8e00000, 0x00000000e0000000)
  object space 145408K, 99% used [0x00000000a0000000,0x00000000a8dc9328,0x00000000a8e00000)
 Metaspace       used 56236K, capacity 57217K, committed 57600K, reserved 1099776K
  class space    used 6705K, capacity 6911K, committed 6912K, reserved 1048576K
Event: 20.648 GC heap after
Heap after GC invocations=19 (full 4):
 PSYoungGen      total 197120K, used 0K [0x00000000e0000000, 0x00000000f4b80000, 0x0000000100000000)
  eden space 121344K, 0% used [0x00000000e0000000,0x00000000e0000000,0x00000000e7680000)
  from space 75776K, 0% used [0x00000000e7680000,0x00000000e7680000,0x00000000ec080000)
  to   space 80384K, 0% used [0x00000000efd00000,0x00000000efd00000,0x00000000f4b80000)
 ParOldGen       total 272384K, used 132199K [0x00000000a0000000, 0x00000000b0a00000, 0x00000000e0000000)
  object space 272384K, 48% used [0x00000000a0000000,0x00000000a8119cc0,0x00000000b0a00000)
 Metaspace       used 56203K, capacity 57145K, committed 57600K, reserved 1099776K
  class space    used 6702K, capacity 6907K, committed 6912K, reserved 1048576K
}
Event: 20.995 GC heap before
{Heap before GC invocations=20 (full 4):
 PSYoungGen      total 197120K, used 121344K [0x00000000e0000000, 0x00000000f4b80000, 0x0000000100000000)
  eden space 121344K, 100% used [0x00000000e0000000,0x00000000e7680000,0x00000000e7680000)
  from space 75776K, 0% used [0x00000000e7680000,0x00000000e7680000,0x00000000ec080000)
  to   space 80384K, 0% used [0x00000000efd00000,0x00000000efd00000,0x00000000f4b80000)
 ParOldGen       total 272384K, used 132199K [0x00000000a0000000, 0x00000000b0a00000, 0x00000000e0000000)
  object space 272384K, 48% used [0x00000000a0000000,0x00000000a8119cc0,0x00000000b0a00000)
 Metaspace       used 56208K, capacity 57177K, committed 57728K, reserved 1099776K
  class space    used 6704K, capacity 6939K, committed 7040K, reserved 1048576K
Event: 21.027 GC heap after
Heap after GC invocations=20 (full 4):
 PSYoungGen      total 241664K, used 25860K [0x00000000e0000000, 0x00000000f3f00000, 0x0000000100000000)
  eden space 174080K, 0% used [0x00000000e0000000,0x00000000e0000000,0x00000000eaa00000)
  from space 67584K, 38% used [0x00000000efd00000,0x00000000f1641240,0x00000000f3f00000)
  to   space 76288K, 0% used [0x00000000eaa00000,0x00000000eaa00000,0x00000000ef480000)
 ParOldGen       total 272384K, used 132199K [0x00000000a0000000, 0x00000000b0a00000, 0x00000000e0000000)
  object space 272384K, 48% used [0x00000000a0000000,0x00000000a8119cc0,0x00000000b0a00000)
 Metaspace       used 56208K, capacity 57177K, committed 57728K, reserved 1099776K
  class space    used 6704K, capacity 6939K, committed 7040K, reserved 1048576K
}
Event: 25.806 GC heap before
{Heap before GC invocations=21 (full 4):
 PSYoungGen      total 241664K, used 199940K [0x00000000e0000000, 0x00000000f3f00000, 0x0000000100000000)
  eden space 174080K, 100% used [0x00000000e0000000,0x00000000eaa00000,0x00000000eaa00000)
  from space 67584K, 38% used [0x00000000efd00000,0x00000000f1641240,0x00000000f3f00000)
  to   space 76288K, 0% used [0x00000000eaa00000,0x00000000eaa00000,0x00000000ef480000)
 ParOldGen       total 272384K, used 132199K [0x00000000a0000000, 0x00000000b0a00000, 0x00000000e0000000)
  object space 272384K, 48% used [0x00000000a0000000,0x00000000a8119cc0,0x00000000b0a00000)
 Metaspace       used 57031K, capacity 58103K, committed 58240K, reserved 1099776K
  class space    used 6751K, capacity 7006K, committed 7040K, reserved 1048576K

