# JRE version: OpenJDK Runtime Environment (8.0_152-b02) (build 1.8.0_152-release-1024-b02)
# Java VM: OpenJDK 64-Bit Server VM (25.152-b02 mixed mode windows-amd64 compressed oops)
Heap:
 PSYoungGen      total 90624K, used 66384K [0x00000000e0000000, 0x00000000e8680000, 0x0000000100000000)
  eden space 85504K, 71% used [0x00000000e0000000,0x00000000e3bdb550,0x00000000e5380000)
  from space 5120K, 99% used [0x00000000e6500000,0x00000000e69f8ea0,0x00000000e6a00000)
  to   space 17920K, 0% used [0x00000000e5380000,0x00000000e5380000,0x00000000e6500000)
 ParOldGen       total 109568K, used 28697K [0x00000000a0000000, 0x00000000a6b00000, 0x00000000e0000000)
  object space 109568K, 26% used [0x00000000a0000000,0x00000000a1c065e0,0x00000000a6b00000)
 Metaspace       used 46296K, capacity 47050K, committed 47360K, reserved 1091584K
  class space    used 5653K, capacity 5880K, committed 5888K, reserved 1048576K
GC Heap History (10 events):
Event: 2.754 GC heap before
{Heap before GC invocations=5 (full 2):
 PSYoungGen      total 38400K, used 5110K [0x00000000e0000000, 0x00000000e4b00000, 0x0000000100000000)
  eden space 33280K, 0% used [0x00000000e0000000,0x00000000e0000000,0x00000000e2080000)
  from space 5120K, 99% used [0x00000000e2080000,0x00000000e257daa0,0x00000000e2580000)
  to   space 5120K, 0% used [0x00000000e4600000,0x00000000e4600000,0x00000000e4b00000)
 ParOldGen       total 87552K, used 10249K [0x00000000a0000000, 0x00000000a5580000, 0x00000000e0000000)
  object space 87552K, 11% used [0x00000000a0000000,0x00000000a0a027d8,0x00000000a5580000)
 Metaspace       used 20710K, capacity 21022K, committed 21296K, reserved 1069056K
  class space    used 2480K, capacity 2601K, committed 2688K, reserved 1048576K
Event: 2.788 GC heap after
Heap after GC invocations=5 (full 2):
 PSYoungGen      total 38400K, used 0K [0x00000000e0000000, 0x00000000e4b00000, 0x0000000100000000)
  eden space 33280K, 0% used [0x00000000e0000000,0x00000000e0000000,0x00000000e2080000)
  from space 5120K, 0% used [0x00000000e2080000,0x00000000e2080000,0x00000000e2580000)
  to   space 5120K, 0% used [0x00000000e4600000,0x00000000e4600000,0x00000000e4b00000)
 ParOldGen       total 71168K, used 11086K [0x00000000a0000000, 0x00000000a4580000, 0x00000000e0000000)
  object space 71168K, 15% used [0x00000000a0000000,0x00000000a0ad3a58,0x00000000a4580000)
 Metaspace       used 20710K, capacity 21022K, committed 21296K, reserved 1069056K
  class space    used 2480K, capacity 2601K, committed 2688K, reserved 1048576K
}
Event: 3.574 GC heap before
{Heap before GC invocations=6 (full 2):
 PSYoungGen      total 38400K, used 33280K [0x00000000e0000000, 0x00000000e4b00000, 0x0000000100000000)
  eden space 33280K, 100% used [0x00000000e0000000,0x00000000e2080000,0x00000000e2080000)
  from space 5120K, 0% used [0x00000000e2080000,0x00000000e2080000,0x00000000e2580000)
  to   space 5120K, 0% used [0x00000000e4600000,0x00000000e4600000,0x00000000e4b00000)
 ParOldGen       total 71168K, used 11086K [0x00000000a0000000, 0x00000000a4580000, 0x00000000e0000000)
  object space 71168K, 15% used [0x00000000a0000000,0x00000000a0ad3a58,0x00000000a4580000)
 Metaspace       used 27982K, capacity 28484K, committed 28928K, reserved 1075200K
  class space    used 3643K, capacity 3800K, committed 3840K, reserved 1048576K
Event: 3.697 GC heap after
Heap after GC invocations=6 (full 2):
 PSYoungGen      total 62976K, used 5117K [0x00000000e0000000, 0x00000000e4b00000, 0x0000000100000000)
  eden space 57856K, 0% used [0x00000000e0000000,0x00000000e0000000,0x00000000e3880000)
  from space 5120K, 99% used [0x00000000e4600000,0x00000000e4aff638,0x00000000e4b00000)
  to   space 5120K, 0% used [0x00000000e4100000,0x00000000e4100000,0x00000000e4600000)
 ParOldGen       total 71168K, used 14377K [0x00000000a0000000, 0x00000000a4580000, 0x00000000e0000000)
  object space 71168K, 20% used [0x00000000a0000000,0x00000000a0e0a6e8,0x00000000a4580000)
 Metaspace       used 27982K, capacity 28484K, committed 28928K, reserved 1075200K
  class space    used 3643K, capacity 3800K, committed 3840K, reserved 1048576K
}
Event: 4.607 GC heap before
{Heap before GC invocations=7 (full 2):
 PSYoungGen      total 62976K, used 62973K [0x00000000e0000000, 0x00000000e4b00000, 0x0000000100000000)
  eden space 57856K, 100% used [0x00000000e0000000,0x00000000e3880000,0x00000000e3880000)
  from space 5120K, 99% used [0x00000000e4600000,0x00000000e4aff638,0x00000000e4b00000)
  to   space 5120K, 0% used [0x00000000e4100000,0x00000000e4100000,0x00000000e4600000)
 ParOldGen       total 71168K, used 14377K [0x00000000a0000000, 0x00000000a4580000, 0x00000000e0000000)
  object space 71168K, 20% used [0x00000000a0000000,0x00000000a0e0a6e8,0x00000000a4580000)
 Metaspace       used 34644K, capacity 35129K, committed 35496K, reserved 1081344K
  class space    used 4351K, capacity 4513K, committed 4608K, reserved 1048576K
Event: 4.621 GC heap after
Heap after GC invocations=7 (full 2):
 PSYoungGen      total 71680K, used 5095K [0x00000000e0000000, 0x00000000e6a00000, 0x0000000100000000)
  eden space 66560K, 0% used [0x00000000e0000000,0x00000000e0000000,0x00000000e4100000)
  from space 5120K, 99% used [0x00000000e4100000,0x00000000e45f9fd8,0x00000000e4600000)
  to   space 5120K, 0% used [0x00000000e6500000,0x00000000e6500000,0x00000000e6a00000)
 ParOldGen       total 71168K, used 25400K [0x00000000a0000000, 0x00000000a4580000, 0x00000000e0000000)
  object space 71168K, 35% used [0x00000000a0000000,0x00000000a18ce320,0x00000000a4580000)
 Metaspace       used 34644K, capacity 35129K, committed 35496K, reserved 1081344K
  class space    used 4351K, capacity 4513K, committed 4608K, reserved 1048576K
}
Event: 4.621 GC heap before
{Heap before GC invocations=8 (full 3):
 PSYoungGen      total 71680K, used 5095K [0x00000000e0000000, 0x00000000e6a00000, 0x0000000100000000)
  eden space 66560K, 0% used [0x00000000e0000000,0x00000000e0000000,0x00000000e4100000)
  from space 5120K, 99% used [0x00000000e4100000,0x00000000e45f9fd8,0x00000000e4600000)
  to   space 5120K, 0% used [0x00000000e6500000,0x00000000e6500000,0x00000000e6a00000)
 ParOldGen       total 71168K, used 25400K [0x00000000a0000000, 0x00000000a4580000, 0x00000000e0000000)
  object space 71168K, 35% used [0x00000000a0000000,0x00000000a18ce320,0x00000000a4580000)
 Metaspace       used 34644K, capacity 35129K, committed 35496K, reserved 1081344K
  class space    used 4351K, capacity 4513K, committed 4608K, reserved 1048576K
Event: 4.700 GC heap after
Heap after GC invocations=8 (full 3):
 PSYoungGen      total 71680K, used 0K [0x00000000e0000000, 0x00000000e6a00000, 0x0000000100000000)
  eden space 66560K, 0% used [0x00000000e0000000,0x00000000e0000000,0x00000000e4100000)
  from space 5120K, 0% used [0x00000000e4100000,0x00000000e4100000,0x00000000e4600000)
  to   space 5120K, 0% used [0x00000000e6500000,0x00000000e6500000,0x00000000e6a00000)
 ParOldGen       total 109568K, used 21952K [0x00000000a0000000, 0x00000000a6b00000, 0x00000000e0000000)
  object space 109568K, 20% used [0x00000000a0000000,0x00000000a1570108,0x00000000a6b00000)
 Metaspace       used 34644K, capacity 35129K, committed 35496K, reserved 1081344K
  class space    used 4351K, capacity 4513K, committed 4608K, reserved 1048576K
}
Event: 6.769 GC heap before
{Heap before GC invocations=9 (full 3):
 PSYoungGen      total 71680K, used 66560K [0x00000000e0000000, 0x00000000e6a00000, 0x0000000100000000)
  eden space 66560K, 100% used [0x00000000e0000000,0x00000000e4100000,0x00000000e4100000)
  from space 5120K, 0% used [0x00000000e4100000,0x00000000e4100000,0x00000000e4600000)
  to   space 5120K, 0% used [0x00000000e6500000,0x00000000e6500000,0x00000000e6a00000)
 ParOldGen       total 109568K, used 21952K [0x00000000a0000000, 0x00000000a6b00000, 0x00000000e0000000)
  object space 109568K, 20% used [0x00000000a0000000,0x00000000a1570108,0x00000000a6b00000)
 Metaspace       used 44851K, capacity 45493K, committed 45952K, reserved 1089536K
  class space    used 5550K, capacity 5707K, committed 5760K, reserved 1048576K
Event: 6.784 GC heap after
Heap after GC invocations=9 (full 3):
 PSYoungGen      total 90624K, used 5091K [0x00000000e0000000, 0x00000000e8680000, 0x0000000100000000)
  eden space 85504K, 0% used [0x00000000e0000000,0x00000000e0000000,0x00000000e5380000)
  from space 5120K, 99% used [0x00000000e6500000,0x00000000e69f8ea0,0x00000000e6a00000)
  to   space 17920K, 0% used [0x00000000e5380000,0x00000000e5380000,0x00000000e6500000)
 ParOldGen       total 109568K, used 28697K [0x00000000a0000000, 0x00000000a6b00000, 0x00000000e0000000)
  object space 109568K, 26% used [0x00000000a0000000,0x00000000a1c065e0,0x00000000a6b00000)
 Metaspace       used 44851K, capacity 45493K, committed 45952K, reserved 1089536K
  class space    used 5550K, capacity 5707K, committed 5760K, reserved 1048576K
}

