# JRE version: OpenJDK Runtime Environment (8.0_152-b01) (build 1.8.0_152-release-1248-b01)
# Java VM: OpenJDK 64-Bit Server VM (25.152-b01 mixed mode windows-amd64 compressed oops)
Heap:
 PSYoungGen      total 365568K, used 41350K [0x00000000e0000000, 0x00000000ff200000, 0x0000000100000000)
  eden space 237568K, 0% used [0x00000000e0000000,0x00000000e0000000,0x00000000ee800000)
  from space 128000K, 32% used [0x00000000f7500000,0x00000000f9d61a18,0x00000000ff200000)
  to   space 136192K, 0% used [0x00000000ee800000,0x00000000ee800000,0x00000000f6d00000)
 ParOldGen       total 380416K, used 298653K [0x00000000a0000000, 0x00000000b7380000, 0x00000000e0000000)
  object space 380416K, 78% used [0x00000000a0000000,0x00000000b23a77a8,0x00000000b7380000)
 Metaspace       used 74112K, capacity 76291K, committed 82072K, reserved 1122304K
  class space    used 8146K, capacity 8611K, committed 9392K, reserved 1048576K
GC Heap History (10 events):
Event: 2573.569 GC heap after
Heap after GC invocations=48 (full 8):
 PSYoungGen      total 335872K, used 61204K [0x00000000e0000000, 0x00000000fea00000, 0x0000000100000000)
  eden space 196608K, 0% used [0x00000000e0000000,0x00000000e0000000,0x00000000ec000000)
  from space 139264K, 43% used [0x00000000f6200000,0x00000000f9dc53a0,0x00000000fea00000)
  to   space 152576K, 0% used [0x00000000ec000000,0x00000000ec000000,0x00000000f5500000)
 ParOldGen       total 380416K, used 139882K [0x00000000a0000000, 0x00000000b7380000, 0x00000000e0000000)
  object space 380416K, 36% used [0x00000000a0000000,0x00000000a889abb8,0x00000000b7380000)
 Metaspace       used 72100K, capacity 73985K, committed 82072K, reserved 1122304K
  class space    used 7925K, capacity 8331K, committed 9392K, reserved 1048576K
}
Event: 2574.941 GC heap before
{Heap before GC invocations=49 (full 8):
 PSYoungGen      total 335872K, used 257812K [0x00000000e0000000, 0x00000000fea00000, 0x0000000100000000)
  eden space 196608K, 100% used [0x00000000e0000000,0x00000000ec000000,0x00000000ec000000)
  from space 139264K, 43% used [0x00000000f6200000,0x00000000f9dc53a0,0x00000000fea00000)
  to   space 152576K, 0% used [0x00000000ec000000,0x00000000ec000000,0x00000000f5500000)
 ParOldGen       total 380416K, used 139882K [0x00000000a0000000, 0x00000000b7380000, 0x00000000e0000000)
  object space 380416K, 36% used [0x00000000a0000000,0x00000000a889abb8,0x00000000b7380000)
 Metaspace       used 72474K, capacity 74379K, committed 82072K, reserved 1122304K
  class space    used 7964K, capacity 8374K, committed 9392K, reserved 1048576K
Event: 2575.039 GC heap after
Heap after GC invocations=49 (full 8):
 PSYoungGen      total 349184K, used 37206K [0x00000000e0000000, 0x0000000100000000, 0x0000000100000000)
  eden space 196608K, 0% used [0x00000000e0000000,0x00000000e0000000,0x00000000ec000000)
  from space 152576K, 24% used [0x00000000ec000000,0x00000000ee455850,0x00000000f5500000)
  to   space 148480K, 0% used [0x00000000f6f00000,0x00000000f6f00000,0x0000000100000000)
 ParOldGen       total 380416K, used 200783K [0x00000000a0000000, 0x00000000b7380000, 0x00000000e0000000)
  object space 380416K, 52% used [0x00000000a0000000,0x00000000ac413ee8,0x00000000b7380000)
 Metaspace       used 72474K, capacity 74379K, committed 82072K, reserved 1122304K
  class space    used 7964K, capacity 8374K, committed 9392K, reserved 1048576K
}
Event: 2676.358 GC heap before
{Heap before GC invocations=50 (full 8):
 PSYoungGen      total 349184K, used 233814K [0x00000000e0000000, 0x0000000100000000, 0x0000000100000000)
  eden space 196608K, 100% used [0x00000000e0000000,0x00000000ec000000,0x00000000ec000000)
  from space 152576K, 24% used [0x00000000ec000000,0x00000000ee455850,0x00000000f5500000)
  to   space 148480K, 0% used [0x00000000f6f00000,0x00000000f6f00000,0x0000000100000000)
 ParOldGen       total 380416K, used 200783K [0x00000000a0000000, 0x00000000b7380000, 0x00000000e0000000)
  object space 380416K, 52% used [0x00000000a0000000,0x00000000ac413ee8,0x00000000b7380000)
 Metaspace       used 73015K, capacity 74931K, committed 82072K, reserved 1122304K
  class space    used 8024K, capacity 8448K, committed 9392K, reserved 1048576K
Event: 2676.395 GC heap after
Heap after GC invocations=50 (full 8):
 PSYoungGen      total 361472K, used 29546K [0x00000000e0000000, 0x00000000ff600000, 0x0000000100000000)
  eden space 223232K, 0% used [0x00000000e0000000,0x00000000e0000000,0x00000000eda00000)
  from space 138240K, 21% used [0x00000000f6f00000,0x00000000f8bdaa00,0x00000000ff600000)
  to   space 145408K, 0% used [0x00000000eda00000,0x00000000eda00000,0x00000000f6800000)
 ParOldGen       total 380416K, used 213567K [0x00000000a0000000, 0x00000000b7380000, 0x00000000e0000000)
  object space 380416K, 56% used [0x00000000a0000000,0x00000000ad08fcb0,0x00000000b7380000)
 Metaspace       used 73015K, capacity 74931K, committed 82072K, reserved 1122304K
  class space    used 8024K, capacity 8448K, committed 9392K, reserved 1048576K
}
Event: 2678.157 GC heap before
{Heap before GC invocations=51 (full 8):
 PSYoungGen      total 361472K, used 252778K [0x00000000e0000000, 0x00000000ff600000, 0x0000000100000000)
  eden space 223232K, 100% used [0x00000000e0000000,0x00000000eda00000,0x00000000eda00000)
  from space 138240K, 21% used [0x00000000f6f00000,0x00000000f8bdaa00,0x00000000ff600000)
  to   space 145408K, 0% used [0x00000000eda00000,0x00000000eda00000,0x00000000f6800000)
 ParOldGen       total 380416K, used 213567K [0x00000000a0000000, 0x00000000b7380000, 0x00000000e0000000)
  object space 380416K, 56% used [0x00000000a0000000,0x00000000ad08fcb0,0x00000000b7380000)
 Metaspace       used 74100K, capacity 76289K, committed 82072K, reserved 1122304K
  class space    used 8144K, capacity 8609K, committed 9392K, reserved 1048576K
Event: 2678.230 GC heap after
Heap after GC invocations=51 (full 8):
 PSYoungGen      total 368640K, used 71443K [0x00000000e0000000, 0x00000000fff00000, 0x0000000100000000)
  eden space 223232K, 0% used [0x00000000e0000000,0x00000000e0000000,0x00000000eda00000)
  from space 145408K, 49% used [0x00000000eda00000,0x00000000f1fc4fb8,0x00000000f6800000)
  to   space 141312K, 0% used [0x00000000f7500000,0x00000000f7500000,0x00000000fff00000)
 ParOldGen       total 380416K, used 239309K [0x00000000a0000000, 0x00000000b7380000, 0x00000000e0000000)
  object space 380416K, 62% used [0x00000000a0000000,0x00000000ae9b3690,0x00000000b7380000)
 Metaspace       used 74100K, capacity 76289K, committed 82072K, reserved 1122304K
  class space    used 8144K, capacity 8609K, committed 9392K, reserved 1048576K
}
Event: 2678.597 GC heap before
{Heap before GC invocations=52 (full 8):
 PSYoungGen      total 368640K, used 294675K [0x00000000e0000000, 0x00000000fff00000, 0x0000000100000000)
  eden space 223232K, 100% used [0x00000000e0000000,0x00000000eda00000,0x00000000eda00000)
  from space 145408K, 49% used [0x00000000eda00000,0x00000000f1fc4fb8,0x00000000f6800000)
  to   space 141312K, 0% used [0x00000000f7500000,0x00000000f7500000,0x00000000fff00000)
 ParOldGen       total 380416K, used 239309K [0x00000000a0000000, 0x00000000b7380000, 0x00000000e0000000)
  object space 380416K, 62% used [0x00000000a0000000,0x00000000ae9b3690,0x00000000b7380000)
 Metaspace       used 74112K, capacity 76291K, committed 82072K, reserved 1122304K
  class space    used 8146K, capacity 8611K, committed 9392K, reserved 1048576K
Event: 2678.679 GC heap after
Heap after GC invocations=52 (full 8):
 PSYoungGen      total 365568K, used 41350K [0x00000000e0000000, 0x00000000ff200000, 0x0000000100000000)
  eden space 237568K, 0% used [0x00000000e0000000,0x00000000e0000000,0x00000000ee800000)
  from space 128000K, 32% used [0x00000000f7500000,0x00000000f9d61a18,0x00000000ff200000)
  to   space 136192K, 0% used [0x00000000ee800000,0x00000000ee800000,0x00000000f6d00000)
 ParOldGen       total 380416K, used 298653K [0x00000000a0000000, 0x00000000b7380000, 0x00000000e0000000)
  object space 380416K, 78% used [0x00000000a0000000,0x00000000b23a77a8,0x00000000b7380000)
 Metaspace       used 74112K, capacity 76291K, committed 82072K, reserved 1122304K
  class space    used 8146K, capacity 8611K, committed 9392K, reserved 1048576K
}
Event: 2678.679 GC heap before
{Heap before GC invocations=53 (full 9):
 PSYoungGen      total 365568K, used 41350K [0x00000000e0000000, 0x00000000ff200000, 0x0000000100000000)
  eden space 237568K, 0% used [0x00000000e0000000,0x00000000e0000000,0x00000000ee800000)
  from space 128000K, 32% used [0x00000000f7500000,0x00000000f9d61a18,0x00000000ff200000)
  to   space 136192K, 0% used [0x00000000ee800000,0x00000000ee800000,0x00000000f6d00000)
 ParOldGen       total 380416K, used 298653K [0x00000000a0000000, 0x00000000b7380000, 0x00000000e0000000)
  object space 380416K, 78% used [0x00000000a0000000,0x00000000b23a77a8,0x00000000b7380000)
 Metaspace       used 74112K, capacity 76291K, committed 82072K, reserved 1122304K
  class space    used 8146K, capacity 8611K, committed 9392K, reserved 1048576K

