# JRE version: OpenJDK Runtime Environment (8.0_152-b01) (build 1.8.0_152-release-1248-b01)
# Java VM: OpenJDK 64-Bit Server VM (25.152-b01 mixed mode windows-amd64 compressed oops)
Heap:
 PSYoungGen      total 109056K, used 30690K [0x00000000d5e00000, 0x00000000e1880000, 0x0000000100000000)
  eden space 78336K, 0% used [0x00000000d5e00000,0x00000000d5e00000,0x00000000daa80000)
  from space 30720K, 99% used [0x00000000dd680000,0x00000000df478b10,0x00000000df480000)
  to   space 45056K, 0% used [0x00000000daa80000,0x00000000daa80000,0x00000000dd680000)
 ParOldGen       total 65024K, used 57903K [0x0000000081a00000, 0x0000000085980000, 0x00000000d5e00000)
  object space 65024K, 89% used [0x0000000081a00000,0x000000008528bc90,0x0000000085980000)
 Metaspace       used 33153K, capacity 33565K, committed 33920K, reserved 1079296K
  class space    used 4071K, capacity 4190K, committed 4224K, reserved 1048576K
GC Heap History (10 events):
Event: 2.230 GC heap after
Heap after GC invocations=5 (full 1):
 PSYoungGen      total 52736K, used 5098K [0x00000000d5e00000, 0x00000000da900000, 0x0000000100000000)
  eden space 47616K, 0% used [0x00000000d5e00000,0x00000000d5e00000,0x00000000d8c80000)
  from space 5120K, 99% used [0x00000000da400000,0x00000000da8faa68,0x00000000da900000)
  to   space 5120K, 0% used [0x00000000d9f00000,0x00000000d9f00000,0x00000000da400000)
 ParOldGen       total 65024K, used 9053K [0x0000000081a00000, 0x0000000085980000, 0x00000000d5e00000)
  object space 65024K, 13% used [0x0000000081a00000,0x00000000822d7468,0x0000000085980000)
 Metaspace       used 23180K, capacity 23561K, committed 23808K, reserved 1071104K
  class space    used 2923K, capacity 3058K, committed 3072K, reserved 1048576K
}
Event: 3.839 GC heap before
{Heap before GC invocations=6 (full 1):
 PSYoungGen      total 52736K, used 52714K [0x00000000d5e00000, 0x00000000da900000, 0x0000000100000000)
  eden space 47616K, 100% used [0x00000000d5e00000,0x00000000d8c80000,0x00000000d8c80000)
  from space 5120K, 99% used [0x00000000da400000,0x00000000da8faa68,0x00000000da900000)
  to   space 5120K, 0% used [0x00000000d9f00000,0x00000000d9f00000,0x00000000da400000)
 ParOldGen       total 65024K, used 9053K [0x0000000081a00000, 0x0000000085980000, 0x00000000d5e00000)
  object space 65024K, 13% used [0x0000000081a00000,0x00000000822d7468,0x0000000085980000)
 Metaspace       used 31663K, capacity 32093K, committed 32384K, reserved 1077248K
  class space    used 3993K, capacity 4126K, committed 4224K, reserved 1048576K
Event: 3.851 GC heap after
Heap after GC invocations=6 (full 1):
 PSYoungGen      total 71168K, used 5118K [0x00000000d5e00000, 0x00000000dbc80000, 0x0000000100000000)
  eden space 66048K, 0% used [0x00000000d5e00000,0x00000000d5e00000,0x00000000d9e80000)
  from space 5120K, 99% used [0x00000000d9f00000,0x00000000da3ffb18,0x00000000da400000)
  to   space 15360K, 0% used [0x00000000dad80000,0x00000000dad80000,0x00000000dbc80000)
 ParOldGen       total 65024K, used 19597K [0x0000000081a00000, 0x0000000085980000, 0x00000000d5e00000)
  object space 65024K, 30% used [0x0000000081a00000,0x0000000082d234d0,0x0000000085980000)
 Metaspace       used 31663K, capacity 32093K, committed 32384K, reserved 1077248K
  class space    used 3993K, capacity 4126K, committed 4224K, reserved 1048576K
}
Event: 4.720 GC heap before
{Heap before GC invocations=7 (full 1):
 PSYoungGen      total 71168K, used 71166K [0x00000000d5e00000, 0x00000000dbc80000, 0x0000000100000000)
  eden space 66048K, 100% used [0x00000000d5e00000,0x00000000d9e80000,0x00000000d9e80000)
  from space 5120K, 99% used [0x00000000d9f00000,0x00000000da3ffb18,0x00000000da400000)
  to   space 15360K, 0% used [0x00000000dad80000,0x00000000dad80000,0x00000000dbc80000)
 ParOldGen       total 65024K, used 19597K [0x0000000081a00000, 0x0000000085980000, 0x00000000d5e00000)
  object space 65024K, 30% used [0x0000000081a00000,0x0000000082d234d0,0x0000000085980000)
 Metaspace       used 32413K, capacity 32861K, committed 33152K, reserved 1079296K
  class space    used 4045K, capacity 4190K, committed 4224K, reserved 1048576K
Event: 4.762 GC heap after
Heap after GC invocations=7 (full 1):
 PSYoungGen      total 74240K, used 15355K [0x00000000d5e00000, 0x00000000dea00000, 0x0000000100000000)
  eden space 58880K, 0% used [0x00000000d5e00000,0x00000000d5e00000,0x00000000d9780000)
  from space 15360K, 99% used [0x00000000dad80000,0x00000000dbc7ed10,0x00000000dbc80000)
  to   space 22528K, 0% used [0x00000000d9780000,0x00000000d9780000,0x00000000dad80000)
 ParOldGen       total 65024K, used 28381K [0x0000000081a00000, 0x0000000085980000, 0x00000000d5e00000)
  object space 65024K, 43% used [0x0000000081a00000,0x00000000835b75b8,0x0000000085980000)
 Metaspace       used 32413K, capacity 32861K, committed 33152K, reserved 1079296K
  class space    used 4045K, capacity 4190K, committed 4224K, reserved 1048576K
}
Event: 5.380 GC heap before
{Heap before GC invocations=8 (full 1):
 PSYoungGen      total 74240K, used 74235K [0x00000000d5e00000, 0x00000000dea00000, 0x0000000100000000)
  eden space 58880K, 100% used [0x00000000d5e00000,0x00000000d9780000,0x00000000d9780000)
  from space 15360K, 99% used [0x00000000dad80000,0x00000000dbc7ed10,0x00000000dbc80000)
  to   space 22528K, 0% used [0x00000000d9780000,0x00000000d9780000,0x00000000dad80000)
 ParOldGen       total 65024K, used 28381K [0x0000000081a00000, 0x0000000085980000, 0x00000000d5e00000)
  object space 65024K, 43% used [0x0000000081a00000,0x00000000835b75b8,0x0000000085980000)
 Metaspace       used 32740K, capacity 33181K, committed 33408K, reserved 1079296K
  class space    used 4056K, capacity 4190K, committed 4224K, reserved 1048576K
Event: 5.422 GC heap after
Heap after GC invocations=8 (full 1):
 PSYoungGen      total 81408K, used 22519K [0x00000000d5e00000, 0x00000000df480000, 0x0000000100000000)
  eden space 58880K, 0% used [0x00000000d5e00000,0x00000000d5e00000,0x00000000d9780000)
  from space 22528K, 99% used [0x00000000d9780000,0x00000000dad7dc18,0x00000000dad80000)
  to   space 30720K, 0% used [0x00000000dd680000,0x00000000dd680000,0x00000000df480000)
 ParOldGen       total 65024K, used 37134K [0x0000000081a00000, 0x0000000085980000, 0x00000000d5e00000)
  object space 65024K, 57% used [0x0000000081a00000,0x0000000083e43bf8,0x0000000085980000)
 Metaspace       used 32740K, capacity 33181K, committed 33408K, reserved 1079296K
  class space    used 4056K, capacity 4190K, committed 4224K, reserved 1048576K
}
Event: 5.847 GC heap before
{Heap before GC invocations=9 (full 1):
 PSYoungGen      total 81408K, used 81399K [0x00000000d5e00000, 0x00000000df480000, 0x0000000100000000)
  eden space 58880K, 100% used [0x00000000d5e00000,0x00000000d9780000,0x00000000d9780000)
  from space 22528K, 99% used [0x00000000d9780000,0x00000000dad7dc18,0x00000000dad80000)
  to   space 30720K, 0% used [0x00000000dd680000,0x00000000dd680000,0x00000000df480000)
 ParOldGen       total 65024K, used 37134K [0x0000000081a00000, 0x0000000085980000, 0x00000000d5e00000)
  object space 65024K, 57% used [0x0000000081a00000,0x0000000083e43bf8,0x0000000085980000)
 Metaspace       used 33153K, capacity 33565K, committed 33920K, reserved 1079296K
  class space    used 4071K, capacity 4190K, committed 4224K, reserved 1048576K
Event: 5.918 GC heap after
Heap after GC invocations=9 (full 1):
 PSYoungGen      total 109056K, used 30690K [0x00000000d5e00000, 0x00000000e1880000, 0x0000000100000000)
  eden space 78336K, 0% used [0x00000000d5e00000,0x00000000d5e00000,0x00000000daa80000)
  from space 30720K, 99% used [0x00000000dd680000,0x00000000df478b10,0x00000000df480000)
  to   space 45056K, 0% used [0x00000000daa80000,0x00000000daa80000,0x00000000dd680000)
 ParOldGen       total 65024K, used 57903K [0x0000000081a00000, 0x0000000085980000, 0x00000000d5e00000)
  object space 65024K, 89% used [0x0000000081a00000,0x000000008528bc90,0x0000000085980000)
 Metaspace       used 33153K, capacity 33565K, committed 33920K, reserved 1079296K
  class space    used 4071K, capacity 4190K, committed 4224K, reserved 1048576K
}
Event: 5.918 GC heap before
{Heap before GC invocations=10 (full 2):
 PSYoungGen      total 109056K, used 30690K [0x00000000d5e00000, 0x00000000e1880000, 0x0000000100000000)
  eden space 78336K, 0% used [0x00000000d5e00000,0x00000000d5e00000,0x00000000daa80000)
  from space 30720K, 99% used [0x00000000dd680000,0x00000000df478b10,0x00000000df480000)
  to   space 45056K, 0% used [0x00000000daa80000,0x00000000daa80000,0x00000000dd680000)
 ParOldGen       total 65024K, used 57903K [0x0000000081a00000, 0x0000000085980000, 0x00000000d5e00000)
  object space 65024K, 89% used [0x0000000081a00000,0x000000008528bc90,0x0000000085980000)
 Metaspace       used 33153K, capacity 33565K, committed 33920K, reserved 1079296K
  class space    used 4071K, capacity 4190K, committed 4224K, reserved 1048576K

