# JRE version: OpenJDK Runtime Environment (8.0_152-b01) (build 1.8.0_152-release-1248-b01)
# Java VM: OpenJDK 64-Bit Server VM (25.152-b01 mixed mode windows-amd64 compressed oops)
Heap:
 PSYoungGen      total 251904K, used 120140K [0x00000000e0000000, 0x00000000f4880000, 0x0000000100000000)
  eden space 217600K, 55% used [0x00000000e0000000,0x00000000e7553228,0x00000000ed480000)
  from space 34304K, 0% used [0x00000000f0680000,0x00000000f0680000,0x00000000f2800000)
  to   space 51200K, 0% used [0x00000000ed480000,0x00000000ed480000,0x00000000f0680000)
 ParOldGen       total 254976K, used 103762K [0x00000000a0000000, 0x00000000af900000, 0x00000000e0000000)
  object space 254976K, 40% used [0x00000000a0000000,0x00000000a6554880,0x00000000af900000)
 Metaspace       used 63605K, capacity 65764K, committed 65880K, reserved 1105920K
  class space    used 8265K, capacity 8750K, committed 8832K, reserved 1048576K
GC Heap History (10 events):
Event: 24.883 GC heap before
{Heap before GC invocations=18 (full 3):
 PSYoungGen      total 196096K, used 196076K [0x00000000e0000000, 0x00000000eea80000, 0x0000000100000000)
  eden space 177152K, 100% used [0x00000000e0000000,0x00000000ead00000,0x00000000ead00000)
  from space 18944K, 99% used [0x00000000ec800000,0x00000000eda7b240,0x00000000eda80000)
  to   space 27648K, 0% used [0x00000000ead00000,0x00000000ead00000,0x00000000ec800000)
 ParOldGen       total 140800K, used 60023K [0x00000000a0000000, 0x00000000a8980000, 0x00000000e0000000)
  object space 140800K, 42% used [0x00000000a0000000,0x00000000a3a9de60,0x00000000a8980000)
 Metaspace       used 58942K, capacity 60756K, committed 60888K, reserved 1101824K
  class space    used 7895K, capacity 8364K, committed 8448K, reserved 1048576K
Event: 24.936 GC heap after
Heap after GC invocations=18 (full 3):
 PSYoungGen      total 204800K, used 9607K [0x00000000e0000000, 0x00000000f0680000, 0x0000000100000000)
  eden space 177152K, 0% used [0x00000000e0000000,0x00000000e0000000,0x00000000ead00000)
  from space 27648K, 34% used [0x00000000ead00000,0x00000000eb661f68,0x00000000ec800000)
  to   space 26624K, 0% used [0x00000000eec80000,0x00000000eec80000,0x00000000f0680000)
 ParOldGen       total 140800K, used 75507K [0x00000000a0000000, 0x00000000a8980000, 0x00000000e0000000)
  object space 140800K, 53% used [0x00000000a0000000,0x00000000a49bceb8,0x00000000a8980000)
 Metaspace       used 58942K, capacity 60756K, committed 60888K, reserved 1101824K
  class space    used 7895K, capacity 8364K, committed 8448K, reserved 1048576K
}
Event: 28.259 GC heap before
{Heap before GC invocations=19 (full 3):
 PSYoungGen      total 204800K, used 186759K [0x00000000e0000000, 0x00000000f0680000, 0x0000000100000000)
  eden space 177152K, 100% used [0x00000000e0000000,0x00000000ead00000,0x00000000ead00000)
  from space 27648K, 34% used [0x00000000ead00000,0x00000000eb661f68,0x00000000ec800000)
  to   space 26624K, 0% used [0x00000000eec80000,0x00000000eec80000,0x00000000f0680000)
 ParOldGen       total 140800K, used 75507K [0x00000000a0000000, 0x00000000a8980000, 0x00000000e0000000)
  object space 140800K, 53% used [0x00000000a0000000,0x00000000a49bceb8,0x00000000a8980000)
 Metaspace       used 60293K, capacity 62190K, committed 62296K, reserved 1103872K
  class space    used 8047K, capacity 8525K, committed 8576K, reserved 1048576K
Event: 28.300 GC heap after
Heap after GC invocations=19 (full 3):
 PSYoungGen      total 236544K, used 26622K [0x00000000e0000000, 0x00000000f1080000, 0x0000000100000000)
  eden space 209920K, 0% used [0x00000000e0000000,0x00000000e0000000,0x00000000ecd00000)
  from space 26624K, 99% used [0x00000000eec80000,0x00000000f067fab0,0x00000000f0680000)
  to   space 32256K, 0% used [0x00000000ecd00000,0x00000000ecd00000,0x00000000eec80000)
 ParOldGen       total 140800K, used 80065K [0x00000000a0000000, 0x00000000a8980000, 0x00000000e0000000)
  object space 140800K, 56% used [0x00000000a0000000,0x00000000a4e30738,0x00000000a8980000)
 Metaspace       used 60293K, capacity 62190K, committed 62296K, reserved 1103872K
  class space    used 8047K, capacity 8525K, committed 8576K, reserved 1048576K
}
Event: 73.167 GC heap before
{Heap before GC invocations=20 (full 3):
 PSYoungGen      total 236544K, used 236542K [0x00000000e0000000, 0x00000000f1080000, 0x0000000100000000)
  eden space 209920K, 100% used [0x00000000e0000000,0x00000000ecd00000,0x00000000ecd00000)
  from space 26624K, 99% used [0x00000000eec80000,0x00000000f067fab0,0x00000000f0680000)
  to   space 32256K, 0% used [0x00000000ecd00000,0x00000000ecd00000,0x00000000eec80000)
 ParOldGen       total 140800K, used 80065K [0x00000000a0000000, 0x00000000a8980000, 0x00000000e0000000)
  object space 140800K, 56% used [0x00000000a0000000,0x00000000a4e30738,0x00000000a8980000)
 Metaspace       used 63414K, capacity 65562K, committed 65880K, reserved 1105920K
  class space    used 8259K, capacity 8739K, committed 8832K, reserved 1048576K
Event: 73.219 GC heap after
Heap after GC invocations=20 (full 3):
 PSYoungGen      total 242176K, used 23356K [0x00000000e0000000, 0x00000000f2800000, 0x0000000100000000)
  eden space 209920K, 0% used [0x00000000e0000000,0x00000000e0000000,0x00000000ecd00000)
  from space 32256K, 72% used [0x00000000ecd00000,0x00000000ee3cf1a8,0x00000000eec80000)
  to   space 34304K, 0% used [0x00000000f0680000,0x00000000f0680000,0x00000000f2800000)
 ParOldGen       total 140800K, used 92703K [0x00000000a0000000, 0x00000000a8980000, 0x00000000e0000000)
  object space 140800K, 65% used [0x00000000a0000000,0x00000000a5a87df0,0x00000000a8980000)
 Metaspace       used 63414K, capacity 65562K, committed 65880K, reserved 1105920K
  class space    used 8259K, capacity 8739K, committed 8832K, reserved 1048576K
}
Event: 79.988 GC heap before
{Heap before GC invocations=21 (full 3):
 PSYoungGen      total 242176K, used 229934K [0x00000000e0000000, 0x00000000f2800000, 0x0000000100000000)
  eden space 209920K, 98% used [0x00000000e0000000,0x00000000ec9bc798,0x00000000ecd00000)
  from space 32256K, 72% used [0x00000000ecd00000,0x00000000ee3cf1a8,0x00000000eec80000)
  to   space 34304K, 0% used [0x00000000f0680000,0x00000000f0680000,0x00000000f2800000)
 ParOldGen       total 140800K, used 92703K [0x00000000a0000000, 0x00000000a8980000, 0x00000000e0000000)
  object space 140800K, 65% used [0x00000000a0000000,0x00000000a5a87df0,0x00000000a8980000)
 Metaspace       used 63495K, capacity 65626K, committed 65880K, reserved 1105920K
  class space    used 8259K, capacity 8739K, committed 8832K, reserved 1048576K
Event: 80.053 GC heap after
Heap after GC invocations=21 (full 3):
 PSYoungGen      total 251904K, used 34280K [0x00000000e0000000, 0x00000000f4880000, 0x0000000100000000)
  eden space 217600K, 0% used [0x00000000e0000000,0x00000000e0000000,0x00000000ed480000)
  from space 34304K, 99% used [0x00000000f0680000,0x00000000f27fa028,0x00000000f2800000)
  to   space 51200K, 0% used [0x00000000ed480000,0x00000000ed480000,0x00000000f0680000)
 ParOldGen       total 140800K, used 124735K [0x00000000a0000000, 0x00000000a8980000, 0x00000000e0000000)
  object space 140800K, 88% used [0x00000000a0000000,0x00000000a79cffa8,0x00000000a8980000)
 Metaspace       used 63495K, capacity 65626K, committed 65880K, reserved 1105920K
  class space    used 8259K, capacity 8739K, committed 8832K, reserved 1048576K
}
Event: 80.053 GC heap before
{Heap before GC invocations=22 (full 4):
 PSYoungGen      total 251904K, used 34280K [0x00000000e0000000, 0x00000000f4880000, 0x0000000100000000)
  eden space 217600K, 0% used [0x00000000e0000000,0x00000000e0000000,0x00000000ed480000)
  from space 34304K, 99% used [0x00000000f0680000,0x00000000f27fa028,0x00000000f2800000)
  to   space 51200K, 0% used [0x00000000ed480000,0x00000000ed480000,0x00000000f0680000)
 ParOldGen       total 140800K, used 124735K [0x00000000a0000000, 0x00000000a8980000, 0x00000000e0000000)
  object space 140800K, 88% used [0x00000000a0000000,0x00000000a79cffa8,0x00000000a8980000)
 Metaspace       used 63495K, capacity 65626K, committed 65880K, reserved 1105920K
  class space    used 8259K, capacity 8739K, committed 8832K, reserved 1048576K
Event: 80.428 GC heap after
Heap after GC invocations=22 (full 4):
 PSYoungGen      total 251904K, used 0K [0x00000000e0000000, 0x00000000f4880000, 0x0000000100000000)
  eden space 217600K, 0% used [0x00000000e0000000,0x00000000e0000000,0x00000000ed480000)
  from space 34304K, 0% used [0x00000000f0680000,0x00000000f0680000,0x00000000f2800000)
  to   space 51200K, 0% used [0x00000000ed480000,0x00000000ed480000,0x00000000f0680000)
 ParOldGen       total 254976K, used 103762K [0x00000000a0000000, 0x00000000af900000, 0x00000000e0000000)
  object space 254976K, 40% used [0x00000000a0000000,0x00000000a6554880,0x00000000af900000)
 Metaspace       used 63495K, capacity 65626K, committed 65880K, reserved 1105920K
  class space    used 8259K, capacity 8739K, committed 8832K, reserved 1048576K
}

