# JRE version: OpenJDK Runtime Environment (8.0_152-b01) (build 1.8.0_152-release-1248-b01)
# Java VM: OpenJDK 64-Bit Server VM (25.152-b01 mixed mode windows-amd64 compressed oops)
Heap:
 PSYoungGen      total 390656K, used 20239K [0x00000000e0000000, 0x00000000ff480000, 0x0000000100000000)
  eden space 283136K, 0% used [0x00000000e0000000,0x00000000e01ff600,0x00000000f1480000)
  from space 107520K, 16% used [0x00000000f8b80000,0x00000000f9d448b0,0x00000000ff480000)
  to   space 114688K, 0% used [0x00000000f1480000,0x00000000f1480000,0x00000000f8480000)
 ParOldGen       total 441344K, used 270417K [0x00000000a0000000, 0x00000000baf00000, 0x00000000e0000000)
  object space 441344K, 61% used [0x00000000a0000000,0x00000000b0814590,0x00000000baf00000)
 Metaspace       used 90925K, capacity 95166K, committed 95252K, reserved 1132544K
  class space    used 11720K, capacity 12564K, committed 12604K, reserved 1048576K
GC Heap History (10 events):
Event: 1742.935 GC heap before
{Heap before GC invocations=53 (full 7):
 PSYoungGen      total 320000K, used 319727K [0x00000000e0000000, 0x00000000ff780000, 0x0000000100000000)
  eden space 279552K, 100% used [0x00000000e0000000,0x00000000f1100000,0x00000000f1100000)
  from space 40448K, 99% used [0x00000000f1100000,0x00000000f383bf50,0x00000000f3880000)
  to   space 115200K, 0% used [0x00000000f8700000,0x00000000f8700000,0x00000000ff780000)
 ParOldGen       total 441344K, used 202940K [0x00000000a0000000, 0x00000000baf00000, 0x00000000e0000000)
  object space 441344K, 45% used [0x00000000a0000000,0x00000000ac62f260,0x00000000baf00000)
 Metaspace       used 90506K, capacity 94790K, committed 94996K, reserved 1132544K
  class space    used 11715K, capacity 12558K, committed 12604K, reserved 1048576K
Event: 1742.959 GC heap after
Heap after GC invocations=53 (full 7):
 PSYoungGen      total 403456K, used 9154K [0x00000000e0000000, 0x0000000100000000, 0x0000000100000000)
  eden space 288256K, 0% used [0x00000000e0000000,0x00000000e0000000,0x00000000f1980000)
  from space 115200K, 7% used [0x00000000f8700000,0x00000000f8ff09a0,0x00000000ff780000)
  to   space 112128K, 0% used [0x00000000f1980000,0x00000000f1980000,0x00000000f8700000)
 ParOldGen       total 441344K, used 216071K [0x00000000a0000000, 0x00000000baf00000, 0x00000000e0000000)
  object space 441344K, 48% used [0x00000000a0000000,0x00000000ad301e10,0x00000000baf00000)
 Metaspace       used 90506K, capacity 94790K, committed 94996K, reserved 1132544K
  class space    used 11715K, capacity 12558K, committed 12604K, reserved 1048576K
}
Event: 1749.797 GC heap before
{Heap before GC invocations=54 (full 7):
 PSYoungGen      total 403456K, used 297410K [0x00000000e0000000, 0x0000000100000000, 0x0000000100000000)
  eden space 288256K, 100% used [0x00000000e0000000,0x00000000f1980000,0x00000000f1980000)
  from space 115200K, 7% used [0x00000000f8700000,0x00000000f8ff09a0,0x00000000ff780000)
  to   space 112128K, 0% used [0x00000000f1980000,0x00000000f1980000,0x00000000f8700000)
 ParOldGen       total 441344K, used 216071K [0x00000000a0000000, 0x00000000baf00000, 0x00000000e0000000)
  object space 441344K, 48% used [0x00000000a0000000,0x00000000ad301e10,0x00000000baf00000)
 Metaspace       used 90756K, capacity 95020K, committed 95252K, reserved 1132544K
  class space    used 11718K, capacity 12563K, committed 12604K, reserved 1048576K
Event: 1749.853 GC heap after
Heap after GC invocations=54 (full 7):
 PSYoungGen      total 400384K, used 64470K [0x00000000e0000000, 0x0000000100000000, 0x0000000100000000)
  eden space 288256K, 0% used [0x00000000e0000000,0x00000000e0000000,0x00000000f1980000)
  from space 112128K, 57% used [0x00000000f1980000,0x00000000f5875b90,0x00000000f8700000)
  to   space 115712K, 0% used [0x00000000f8f00000,0x00000000f8f00000,0x0000000100000000)
 ParOldGen       total 441344K, used 223406K [0x00000000a0000000, 0x00000000baf00000, 0x00000000e0000000)
  object space 441344K, 50% used [0x00000000a0000000,0x00000000ada2b8e8,0x00000000baf00000)
 Metaspace       used 90756K, capacity 95020K, committed 95252K, reserved 1132544K
  class space    used 11718K, capacity 12563K, committed 12604K, reserved 1048576K
}
Event: 1751.470 GC heap before
{Heap before GC invocations=55 (full 7):
 PSYoungGen      total 400384K, used 352726K [0x00000000e0000000, 0x0000000100000000, 0x0000000100000000)
  eden space 288256K, 100% used [0x00000000e0000000,0x00000000f1980000,0x00000000f1980000)
  from space 112128K, 57% used [0x00000000f1980000,0x00000000f5875b90,0x00000000f8700000)
  to   space 115712K, 0% used [0x00000000f8f00000,0x00000000f8f00000,0x0000000100000000)
 ParOldGen       total 441344K, used 223406K [0x00000000a0000000, 0x00000000baf00000, 0x00000000e0000000)
  object space 441344K, 50% used [0x00000000a0000000,0x00000000ada2b8e8,0x00000000baf00000)
 Metaspace       used 90762K, capacity 95088K, committed 95252K, reserved 1132544K
  class space    used 11718K, capacity 12563K, committed 12604K, reserved 1048576K
Event: 1751.588 GC heap after
Heap after GC invocations=55 (full 7):
 PSYoungGen      total 395264K, used 76689K [0x00000000e0000000, 0x0000000100000000, 0x0000000100000000)
  eden space 279552K, 0% used [0x00000000e0000000,0x00000000e0000000,0x00000000f1100000)
  from space 115712K, 66% used [0x00000000f8f00000,0x00000000fd9e4600,0x0000000100000000)
  to   space 122368K, 0% used [0x00000000f1100000,0x00000000f1100000,0x00000000f8880000)
 ParOldGen       total 441344K, used 267641K [0x00000000a0000000, 0x00000000baf00000, 0x00000000e0000000)
  object space 441344K, 60% used [0x00000000a0000000,0x00000000b055e510,0x00000000baf00000)
 Metaspace       used 90762K, capacity 95088K, committed 95252K, reserved 1132544K
  class space    used 11718K, capacity 12563K, committed 12604K, reserved 1048576K
}
Event: 1752.674 GC heap before
{Heap before GC invocations=56 (full 7):
 PSYoungGen      total 395264K, used 351674K [0x00000000e0000000, 0x0000000100000000, 0x0000000100000000)
  eden space 279552K, 98% used [0x00000000e0000000,0x00000000f0c8a218,0x00000000f1100000)
  from space 115712K, 66% used [0x00000000f8f00000,0x00000000fd9e4600,0x0000000100000000)
  to   space 122368K, 0% used [0x00000000f1100000,0x00000000f1100000,0x00000000f8880000)
 ParOldGen       total 441344K, used 267641K [0x00000000a0000000, 0x00000000baf00000, 0x00000000e0000000)
  object space 441344K, 60% used [0x00000000a0000000,0x00000000b055e510,0x00000000baf00000)
 Metaspace       used 90773K, capacity 95094K, committed 95252K, reserved 1132544K
  class space    used 11719K, capacity 12564K, committed 12604K, reserved 1048576K
Event: 1752.685 GC heap after
Heap after GC invocations=56 (full 7):
 PSYoungGen      total 401920K, used 13697K [0x00000000e0000000, 0x00000000fff80000, 0x0000000100000000)
  eden space 279552K, 0% used [0x00000000e0000000,0x00000000e0000000,0x00000000f1100000)
  from space 122368K, 11% used [0x00000000f1100000,0x00000000f1e605e8,0x00000000f8880000)
  to   space 118784K, 0% used [0x00000000f8b80000,0x00000000f8b80000,0x00000000fff80000)
 ParOldGen       total 441344K, used 269481K [0x00000000a0000000, 0x00000000baf00000, 0x00000000e0000000)
  object space 441344K, 61% used [0x00000000a0000000,0x00000000b072a570,0x00000000baf00000)
 Metaspace       used 90773K, capacity 95094K, committed 95252K, reserved 1132544K
  class space    used 11719K, capacity 12564K, committed 12604K, reserved 1048576K
}
Event: 2248.519 GC heap before
{Heap before GC invocations=57 (full 7):
 PSYoungGen      total 401920K, used 293249K [0x00000000e0000000, 0x00000000fff80000, 0x0000000100000000)
  eden space 279552K, 100% used [0x00000000e0000000,0x00000000f1100000,0x00000000f1100000)
  from space 122368K, 11% used [0x00000000f1100000,0x00000000f1e605e8,0x00000000f8880000)
  to   space 118784K, 0% used [0x00000000f8b80000,0x00000000f8b80000,0x00000000fff80000)
 ParOldGen       total 441344K, used 269481K [0x00000000a0000000, 0x00000000baf00000, 0x00000000e0000000)
  object space 441344K, 61% used [0x00000000a0000000,0x00000000b072a570,0x00000000baf00000)
 Metaspace       used 90924K, capacity 95166K, committed 95252K, reserved 1132544K
  class space    used 11720K, capacity 12564K, committed 12604K, reserved 1048576K
Event: 2248.538 GC heap after
Heap after GC invocations=57 (full 7):
 PSYoungGen      total 390656K, used 18194K [0x00000000e0000000, 0x00000000ff480000, 0x0000000100000000)
  eden space 283136K, 0% used [0x00000000e0000000,0x00000000e0000000,0x00000000f1480000)
  from space 107520K, 16% used [0x00000000f8b80000,0x00000000f9d448b0,0x00000000ff480000)
  to   space 114688K, 0% used [0x00000000f1480000,0x00000000f1480000,0x00000000f8480000)
 ParOldGen       total 441344K, used 270417K [0x00000000a0000000, 0x00000000baf00000, 0x00000000e0000000)
  object space 441344K, 61% used [0x00000000a0000000,0x00000000b0814590,0x00000000baf00000)
 Metaspace       used 90924K, capacity 95166K, committed 95252K, reserved 1132544K
  class space    used 11720K, capacity 12564K, committed 12604K, reserved 1048576K
}

