# JRE version: OpenJDK Runtime Environment (8.0_152-b01) (build 1.8.0_152-release-1248-b01)
# Java VM: OpenJDK 64-Bit Server VM (25.152-b01 mixed mode windows-amd64 compressed oops)
Heap:
 PSYoungGen      total 244736K, used 244724K [0x00000000e0000000, 0x00000000f4c80000, 0x0000000100000000)
  eden space 211456K, 100% used [0x00000000e0000000,0x00000000ece80000,0x00000000ece80000)
  from space 33280K, 99% used [0x00000000f0180000,0x00000000f21fd0c0,0x00000000f2200000)
  to   space 52224K, 31% used [0x00000000ece80000,0x00000000ede52538,0x00000000f0180000)
 ParOldGen       total 194048K, used 131581K [0x00000000a0000000, 0x00000000abd80000, 0x00000000e0000000)
  object space 194048K, 67% used [0x00000000a0000000,0x00000000a80817f8,0x00000000abd80000)
 Metaspace       used 63359K, capacity 64587K, committed 64920K, reserved 1105920K
  class space    used 7316K, capacity 7592K, committed 7600K, reserved 1048576K
GC Heap History (10 events):
Event: 21.687 GC heap after
Heap after GC invocations=16 (full 3):
 PSYoungGen      total 166912K, used 21888K [0x00000000e0000000, 0x00000000ef480000, 0x0000000100000000)
  eden space 132608K, 0% used [0x00000000e0000000,0x00000000e0000000,0x00000000e8180000)
  from space 34304K, 63% used [0x00000000e8180000,0x00000000e96e0330,0x00000000ea300000)
  to   space 34816K, 0% used [0x00000000ed280000,0x00000000ed280000,0x00000000ef480000)
 ParOldGen       total 107008K, used 63657K [0x00000000a0000000, 0x00000000a6880000, 0x00000000e0000000)
  object space 107008K, 59% used [0x00000000a0000000,0x00000000a3e2a5d0,0x00000000a6880000)
 Metaspace       used 51740K, capacity 52693K, committed 52912K, reserved 1095680K
  class space    used 6309K, capacity 6552K, committed 6576K, reserved 1048576K
}
Event: 23.570 GC heap before
{Heap before GC invocations=17 (full 3):
 PSYoungGen      total 166912K, used 125079K [0x00000000e0000000, 0x00000000ef480000, 0x0000000100000000)
  eden space 132608K, 77% used [0x00000000e0000000,0x00000000e64c5bd8,0x00000000e8180000)
  from space 34304K, 63% used [0x00000000e8180000,0x00000000e96e0330,0x00000000ea300000)
  to   space 34816K, 0% used [0x00000000ed280000,0x00000000ed280000,0x00000000ef480000)
 ParOldGen       total 107008K, used 63657K [0x00000000a0000000, 0x00000000a6880000, 0x00000000e0000000)
  object space 107008K, 59% used [0x00000000a0000000,0x00000000a3e2a5d0,0x00000000a6880000)
 Metaspace       used 57995K, capacity 58973K, committed 59160K, reserved 1101824K
  class space    used 6945K, capacity 7144K, committed 7216K, reserved 1048576K
Event: 23.615 GC heap after
Heap after GC invocations=17 (full 3):
 PSYoungGen      total 212480K, used 6904K [0x00000000e0000000, 0x00000000ef280000, 0x0000000100000000)
  eden space 179712K, 0% used [0x00000000e0000000,0x00000000e0000000,0x00000000eaf80000)
  from space 32768K, 21% used [0x00000000ed280000,0x00000000ed93e158,0x00000000ef280000)
  to   space 34304K, 0% used [0x00000000eaf80000,0x00000000eaf80000,0x00000000ed100000)
 ParOldGen       total 107008K, used 81032K [0x00000000a0000000, 0x00000000a6880000, 0x00000000e0000000)
  object space 107008K, 75% used [0x00000000a0000000,0x00000000a4f22348,0x00000000a6880000)
 Metaspace       used 57995K, capacity 58973K, committed 59160K, reserved 1101824K
  class space    used 6945K, capacity 7144K, committed 7216K, reserved 1048576K
}
Event: 23.615 GC heap before
{Heap before GC invocations=18 (full 4):
 PSYoungGen      total 212480K, used 6904K [0x00000000e0000000, 0x00000000ef280000, 0x0000000100000000)
  eden space 179712K, 0% used [0x00000000e0000000,0x00000000e0000000,0x00000000eaf80000)
  from space 32768K, 21% used [0x00000000ed280000,0x00000000ed93e158,0x00000000ef280000)
  to   space 34304K, 0% used [0x00000000eaf80000,0x00000000eaf80000,0x00000000ed100000)
 ParOldGen       total 107008K, used 81032K [0x00000000a0000000, 0x00000000a6880000, 0x00000000e0000000)
  object space 107008K, 75% used [0x00000000a0000000,0x00000000a4f22348,0x00000000a6880000)
 Metaspace       used 57995K, capacity 58973K, committed 59160K, reserved 1101824K
  class space    used 6945K, capacity 7144K, committed 7216K, reserved 1048576K
Event: 23.946 GC heap after
Heap after GC invocations=18 (full 4):
 PSYoungGen      total 212480K, used 0K [0x00000000e0000000, 0x00000000ef280000, 0x0000000100000000)
  eden space 179712K, 0% used [0x00000000e0000000,0x00000000e0000000,0x00000000eaf80000)
  from space 32768K, 0% used [0x00000000ed280000,0x00000000ed280000,0x00000000ef280000)
  to   space 34304K, 0% used [0x00000000eaf80000,0x00000000eaf80000,0x00000000ed100000)
 ParOldGen       total 194048K, used 78489K [0x00000000a0000000, 0x00000000abd80000, 0x00000000e0000000)
  object space 194048K, 40% used [0x00000000a0000000,0x00000000a4ca6718,0x00000000abd80000)
 Metaspace       used 57995K, capacity 58973K, committed 59160K, reserved 1101824K
  class space    used 6945K, capacity 7144K, committed 7216K, reserved 1048576K
}
Event: 38.151 GC heap before
{Heap before GC invocations=19 (full 4):
 PSYoungGen      total 212480K, used 179712K [0x00000000e0000000, 0x00000000ef280000, 0x0000000100000000)
  eden space 179712K, 100% used [0x00000000e0000000,0x00000000eaf80000,0x00000000eaf80000)
  from space 32768K, 0% used [0x00000000ed280000,0x00000000ed280000,0x00000000ef280000)
  to   space 34304K, 0% used [0x00000000eaf80000,0x00000000eaf80000,0x00000000ed100000)
 ParOldGen       total 194048K, used 78489K [0x00000000a0000000, 0x00000000abd80000, 0x00000000e0000000)
  object space 194048K, 40% used [0x00000000a0000000,0x00000000a4ca6718,0x00000000abd80000)
 Metaspace       used 61309K, capacity 62437K, committed 62744K, reserved 1103872K
  class space    used 7194K, capacity 7456K, committed 7472K, reserved 1048576K
Event: 38.164 GC heap after
Heap after GC invocations=19 (full 4):
 PSYoungGen      total 214016K, used 11804K [0x00000000e0000000, 0x00000000f2200000, 0x0000000100000000)
  eden space 179712K, 0% used [0x00000000e0000000,0x00000000e0000000,0x00000000eaf80000)
  from space 34304K, 34% used [0x00000000eaf80000,0x00000000ebb07310,0x00000000ed100000)
  to   space 33280K, 0% used [0x00000000f0180000,0x00000000f0180000,0x00000000f2200000)
 ParOldGen       total 194048K, used 78497K [0x00000000a0000000, 0x00000000abd80000, 0x00000000e0000000)
  object space 194048K, 40% used [0x00000000a0000000,0x00000000a4ca8718,0x00000000abd80000)
 Metaspace       used 61309K, capacity 62437K, committed 62744K, reserved 1103872K
  class space    used 7194K, capacity 7456K, committed 7472K, reserved 1048576K
}
Event: 39.690 GC heap before
{Heap before GC invocations=20 (full 4):
 PSYoungGen      total 214016K, used 191516K [0x00000000e0000000, 0x00000000f2200000, 0x0000000100000000)
  eden space 179712K, 100% used [0x00000000e0000000,0x00000000eaf80000,0x00000000eaf80000)
  from space 34304K, 34% used [0x00000000eaf80000,0x00000000ebb07310,0x00000000ed100000)
  to   space 33280K, 0% used [0x00000000f0180000,0x00000000f0180000,0x00000000f2200000)
 ParOldGen       total 194048K, used 78497K [0x00000000a0000000, 0x00000000abd80000, 0x00000000e0000000)
  object space 194048K, 40% used [0x00000000a0000000,0x00000000a4ca8718,0x00000000abd80000)
 Metaspace       used 62555K, capacity 63653K, committed 63896K, reserved 1105920K
  class space    used 7260K, capacity 7520K, committed 7600K, reserved 1048576K
Event: 39.757 GC heap after
Heap after GC invocations=20 (full 4):
 PSYoungGen      total 244736K, used 33268K [0x00000000e0000000, 0x00000000f4c80000, 0x0000000100000000)
  eden space 211456K, 0% used [0x00000000e0000000,0x00000000e0000000,0x00000000ece80000)
  from space 33280K, 99% used [0x00000000f0180000,0x00000000f21fd0c0,0x00000000f2200000)
  to   space 52224K, 0% used [0x00000000ece80000,0x00000000ece80000,0x00000000f0180000)
 ParOldGen       total 194048K, used 117251K [0x00000000a0000000, 0x00000000abd80000, 0x00000000e0000000)
  object space 194048K, 60% used [0x00000000a0000000,0x00000000a7280ee0,0x00000000abd80000)
 Metaspace       used 62555K, capacity 63653K, committed 63896K, reserved 1105920K
  class space    used 7260K, capacity 7520K, committed 7600K, reserved 1048576K
}
Event: 132.470 GC heap before
{Heap before GC invocations=21 (full 4):
 PSYoungGen      total 244736K, used 244724K [0x00000000e0000000, 0x00000000f4c80000, 0x0000000100000000)
  eden space 211456K, 100% used [0x00000000e0000000,0x00000000ece80000,0x00000000ece80000)
  from space 33280K, 99% used [0x00000000f0180000,0x00000000f21fd0c0,0x00000000f2200000)
  to   space 52224K, 0% used [0x00000000ece80000,0x00000000ece80000,0x00000000f0180000)
 ParOldGen       total 194048K, used 117251K [0x00000000a0000000, 0x00000000abd80000, 0x00000000e0000000)
  object space 194048K, 60% used [0x00000000a0000000,0x00000000a7280ee0,0x00000000abd80000)
 Metaspace       used 63359K, capacity 64587K, committed 64920K, reserved 1105920K
  class space    used 7316K, capacity 7592K, committed 7600K, reserved 1048576K

