# JRE version: OpenJDK Runtime Environment (8.0_152-b01) (build 1.8.0_152-release-1248-b01)
# Java VM: OpenJDK 64-Bit Server VM (25.152-b01 mixed mode windows-amd64 compressed oops)
Heap:
 PSYoungGen      total 419840K, used 298020K [0x00000000e0000000, 0x00000000ffd00000, 0x0000000100000000)
  eden space 328704K, 90% used [0x00000000e0000000,0x00000000f22e91e8,0x00000000f4100000)
  from space 91136K, 0% used [0x00000000f4100000,0x00000000f4120000,0x00000000f9a00000)
  to   space 87040K, 0% used [0x00000000fa800000,0x00000000fa800000,0x00000000ffd00000)
 ParOldGen       total 388608K, used 232788K [0x00000000a0000000, 0x00000000b7b80000, 0x00000000e0000000)
  object space 388608K, 59% used [0x00000000a0000000,0x00000000ae355160,0x00000000b7b80000)
 Metaspace       used 89620K, capacity 93427K, committed 93656K, reserved 1130496K
  class space    used 11428K, capacity 12248K, committed 12288K, reserved 1048576K
GC Heap History (10 events):
Event: 189.078 GC heap before
{Heap before GC invocations=36 (full 5):
 PSYoungGen      total 403968K, used 305243K [0x00000000e0000000, 0x00000000ff780000, 0x0000000100000000)
  eden space 300544K, 99% used [0x00000000e0000000,0x00000000f24a9c28,0x00000000f2580000)
  from space 103424K, 5% used [0x00000000f9280000,0x00000000f97ed388,0x00000000ff780000)
  to   space 107520K, 0% used [0x00000000f2580000,0x00000000f2580000,0x00000000f8e80000)
 ParOldGen       total 388608K, used 229262K [0x00000000a0000000, 0x00000000b7b80000, 0x00000000e0000000)
  object space 388608K, 58% used [0x00000000a0000000,0x00000000adfe3860,0x00000000b7b80000)
 Metaspace       used 88336K, capacity 92035K, committed 92120K, reserved 1130496K
  class space    used 11231K, capacity 11978K, committed 12032K, reserved 1048576K
Event: 189.082 GC heap after
Heap after GC invocations=36 (full 5):
 PSYoungGen      total 408064K, used 128K [0x00000000e0000000, 0x00000000ffd00000, 0x0000000100000000)
  eden space 300544K, 0% used [0x00000000e0000000,0x00000000e0000000,0x00000000f2580000)
  from space 107520K, 0% used [0x00000000f2580000,0x00000000f25a0000,0x00000000f8e80000)
  to   space 103936K, 0% used [0x00000000f9780000,0x00000000f9780000,0x00000000ffd00000)
 ParOldGen       total 388608K, used 232612K [0x00000000a0000000, 0x00000000b7b80000, 0x00000000e0000000)
  object space 388608K, 59% used [0x00000000a0000000,0x00000000ae329160,0x00000000b7b80000)
 Metaspace       used 88336K, capacity 92035K, committed 92120K, reserved 1130496K
  class space    used 11231K, capacity 11978K, committed 12032K, reserved 1048576K
}
Event: 189.128 GC heap before
{Heap before GC invocations=37 (full 5):
 PSYoungGen      total 408064K, used 299928K [0x00000000e0000000, 0x00000000ffd00000, 0x0000000100000000)
  eden space 300544K, 99% used [0x00000000e0000000,0x00000000f24c61a0,0x00000000f2580000)
  from space 107520K, 0% used [0x00000000f2580000,0x00000000f25a0000,0x00000000f8e80000)
  to   space 103936K, 0% used [0x00000000f9780000,0x00000000f9780000,0x00000000ffd00000)
 ParOldGen       total 388608K, used 232612K [0x00000000a0000000, 0x00000000b7b80000, 0x00000000e0000000)
  object space 388608K, 59% used [0x00000000a0000000,0x00000000ae329160,0x00000000b7b80000)
 Metaspace       used 88336K, capacity 92035K, committed 92120K, reserved 1130496K
  class space    used 11231K, capacity 11978K, committed 12032K, reserved 1048576K
Event: 189.131 GC heap after
Heap after GC invocations=37 (full 5):
 PSYoungGen      total 408064K, used 128K [0x00000000e0000000, 0x00000000ff480000, 0x0000000100000000)
  eden space 312832K, 0% used [0x00000000e0000000,0x00000000e0000000,0x00000000f3180000)
  from space 95232K, 0% used [0x00000000f9780000,0x00000000f97a0000,0x00000000ff480000)
  to   space 99840K, 0% used [0x00000000f3180000,0x00000000f3180000,0x00000000f9300000)
 ParOldGen       total 388608K, used 232668K [0x00000000a0000000, 0x00000000b7b80000, 0x00000000e0000000)
  object space 388608K, 59% used [0x00000000a0000000,0x00000000ae337160,0x00000000b7b80000)
 Metaspace       used 88336K, capacity 92035K, committed 92120K, reserved 1130496K
  class space    used 11231K, capacity 11978K, committed 12032K, reserved 1048576K
}
Event: 189.178 GC heap before
{Heap before GC invocations=38 (full 5):
 PSYoungGen      total 408064K, used 312122K [0x00000000e0000000, 0x00000000ff480000, 0x0000000100000000)
  eden space 312832K, 99% used [0x00000000e0000000,0x00000000f30ae9c8,0x00000000f3180000)
  from space 95232K, 0% used [0x00000000f9780000,0x00000000f97a0000,0x00000000ff480000)
  to   space 99840K, 0% used [0x00000000f3180000,0x00000000f3180000,0x00000000f9300000)
 ParOldGen       total 388608K, used 232668K [0x00000000a0000000, 0x00000000b7b80000, 0x00000000e0000000)
  object space 388608K, 59% used [0x00000000a0000000,0x00000000ae337160,0x00000000b7b80000)
 Metaspace       used 88336K, capacity 92035K, committed 92120K, reserved 1130496K
  class space    used 11231K, capacity 11978K, committed 12032K, reserved 1048576K
Event: 189.182 GC heap after
Heap after GC invocations=38 (full 5):
 PSYoungGen      total 412672K, used 96K [0x00000000e0000000, 0x00000000ffc80000, 0x0000000100000000)
  eden space 312832K, 0% used [0x00000000e0000000,0x00000000e0000000,0x00000000f3180000)
  from space 99840K, 0% used [0x00000000f3180000,0x00000000f3198000,0x00000000f9300000)
  to   space 95744K, 0% used [0x00000000f9f00000,0x00000000f9f00000,0x00000000ffc80000)
 ParOldGen       total 388608K, used 232700K [0x00000000a0000000, 0x00000000b7b80000, 0x00000000e0000000)
  object space 388608K, 59% used [0x00000000a0000000,0x00000000ae33f160,0x00000000b7b80000)
 Metaspace       used 88336K, capacity 92035K, committed 92120K, reserved 1130496K
  class space    used 11231K, capacity 11978K, committed 12032K, reserved 1048576K
}
Event: 189.229 GC heap before
{Heap before GC invocations=39 (full 5):
 PSYoungGen      total 412672K, used 311914K [0x00000000e0000000, 0x00000000ffc80000, 0x0000000100000000)
  eden space 312832K, 99% used [0x00000000e0000000,0x00000000f3082b28,0x00000000f3180000)
  from space 99840K, 0% used [0x00000000f3180000,0x00000000f3198000,0x00000000f9300000)
  to   space 95744K, 0% used [0x00000000f9f00000,0x00000000f9f00000,0x00000000ffc80000)
 ParOldGen       total 388608K, used 232700K [0x00000000a0000000, 0x00000000b7b80000, 0x00000000e0000000)
  object space 388608K, 59% used [0x00000000a0000000,0x00000000ae33f160,0x00000000b7b80000)
 Metaspace       used 88336K, capacity 92035K, committed 92120K, reserved 1130496K
  class space    used 11231K, capacity 11978K, committed 12032K, reserved 1048576K
Event: 189.232 GC heap after
Heap after GC invocations=39 (full 5):
 PSYoungGen      total 414720K, used 128K [0x00000000e0000000, 0x00000000ff300000, 0x0000000100000000)
  eden space 328704K, 0% used [0x00000000e0000000,0x00000000e0000000,0x00000000f4100000)
  from space 86016K, 0% used [0x00000000f9f00000,0x00000000f9f20000,0x00000000ff300000)
  to   space 91136K, 0% used [0x00000000f4100000,0x00000000f4100000,0x00000000f9a00000)
 ParOldGen       total 388608K, used 232748K [0x00000000a0000000, 0x00000000b7b80000, 0x00000000e0000000)
  object space 388608K, 59% used [0x00000000a0000000,0x00000000ae34b160,0x00000000b7b80000)
 Metaspace       used 88336K, capacity 92035K, committed 92120K, reserved 1130496K
  class space    used 11231K, capacity 11978K, committed 12032K, reserved 1048576K
}
Event: 189.288 GC heap before
{Heap before GC invocations=40 (full 5):
 PSYoungGen      total 414720K, used 328600K [0x00000000e0000000, 0x00000000ff300000, 0x0000000100000000)
  eden space 328704K, 99% used [0x00000000e0000000,0x00000000f40c6170,0x00000000f4100000)
  from space 86016K, 0% used [0x00000000f9f00000,0x00000000f9f20000,0x00000000ff300000)
  to   space 91136K, 0% used [0x00000000f4100000,0x00000000f4100000,0x00000000f9a00000)
 ParOldGen       total 388608K, used 232748K [0x00000000a0000000, 0x00000000b7b80000, 0x00000000e0000000)
  object space 388608K, 59% used [0x00000000a0000000,0x00000000ae34b160,0x00000000b7b80000)
 Metaspace       used 88336K, capacity 92035K, committed 92120K, reserved 1130496K
  class space    used 11231K, capacity 11978K, committed 12032K, reserved 1048576K
Event: 189.291 GC heap after
Heap after GC invocations=40 (full 5):
 PSYoungGen      total 419840K, used 128K [0x00000000e0000000, 0x00000000ffd00000, 0x0000000100000000)
  eden space 328704K, 0% used [0x00000000e0000000,0x00000000e0000000,0x00000000f4100000)
  from space 91136K, 0% used [0x00000000f4100000,0x00000000f4120000,0x00000000f9a00000)
  to   space 87040K, 0% used [0x00000000fa800000,0x00000000fa800000,0x00000000ffd00000)
 ParOldGen       total 388608K, used 232788K [0x00000000a0000000, 0x00000000b7b80000, 0x00000000e0000000)
  object space 388608K, 59% used [0x00000000a0000000,0x00000000ae355160,0x00000000b7b80000)
 Metaspace       used 88336K, capacity 92035K, committed 92120K, reserved 1130496K
  class space    used 11231K, capacity 11978K, committed 12032K, reserved 1048576K
}

