# JRE version: OpenJDK Runtime Environment (8.0_152-b02) (build 1.8.0_152-release-1024-b02)
# Java VM: OpenJDK 64-Bit Server VM (25.152-b02 mixed mode windows-amd64 compressed oops)
Heap:
 PSYoungGen      total 458240K, used 271660K [0x00000000e0000000, 0x00000000ff680000, 0x0000000100000000)
  eden space 412160K, 63% used [0x00000000e0000000,0x00000000f01655f0,0x00000000f9280000)
  from space 46080K, 17% used [0x00000000fc980000,0x00000000fd165c98,0x00000000ff680000)
  to   space 51200K, 0% used [0x00000000f9280000,0x00000000f9280000,0x00000000fc480000)
 ParOldGen       total 301056K, used 119267K [0x00000000a0000000, 0x00000000b2600000, 0x00000000e0000000)
  object space 301056K, 39% used [0x00000000a0000000,0x00000000a7478d10,0x00000000b2600000)
 Metaspace       used 112912K, capacity 120467K, committed 120576K, reserved 1155072K
  class space    used 14054K, capacity 15550K, committed 15616K, reserved 1048576K
GC Heap History (10 events):
Event: 3740.146 GC heap before
{Heap before GC invocations=60 (full 6):
 PSYoungGen      total 434688K, used 366224K [0x00000000e0000000, 0x00000000ffe00000, 0x0000000100000000)
  eden space 360960K, 100% used [0x00000000e0000000,0x00000000f6080000,0x00000000f6080000)
  from space 73728K, 7% used [0x00000000f6080000,0x00000000f65a4010,0x00000000fa880000)
  to   space 70144K, 0% used [0x00000000fb980000,0x00000000fb980000,0x00000000ffe00000)
 ParOldGen       total 301056K, used 116976K [0x00000000a0000000, 0x00000000b2600000, 0x00000000e0000000)
  object space 301056K, 38% used [0x00000000a0000000,0x00000000a723c3c8,0x00000000b2600000)
 Metaspace       used 110875K, capacity 116739K, committed 116992K, reserved 1150976K
  class space    used 13799K, capacity 15014K, committed 15104K, reserved 1048576K
Event: 3740.162 GC heap after
Heap after GC invocations=60 (full 6):
 PSYoungGen      total 439808K, used 10336K [0x00000000e0000000, 0x00000000ff380000, 0x0000000100000000)
  eden space 380416K, 0% used [0x00000000e0000000,0x00000000e0000000,0x00000000f7380000)
  from space 59392K, 17% used [0x00000000fb980000,0x00000000fc398020,0x00000000ff380000)
  to   space 65536K, 0% used [0x00000000f7380000,0x00000000f7380000,0x00000000fb380000)
 ParOldGen       total 301056K, used 117320K [0x00000000a0000000, 0x00000000b2600000, 0x00000000e0000000)
  object space 301056K, 38% used [0x00000000a0000000,0x00000000a72923d8,0x00000000b2600000)
 Metaspace       used 110875K, capacity 116739K, committed 116992K, reserved 1150976K
  class space    used 13799K, capacity 15014K, committed 15104K, reserved 1048576K
}
Event: 3833.697 GC heap before
{Heap before GC invocations=61 (full 6):
 PSYoungGen      total 439808K, used 390752K [0x00000000e0000000, 0x00000000ff380000, 0x0000000100000000)
  eden space 380416K, 100% used [0x00000000e0000000,0x00000000f7380000,0x00000000f7380000)
  from space 59392K, 17% used [0x00000000fb980000,0x00000000fc398020,0x00000000ff380000)
  to   space 65536K, 0% used [0x00000000f7380000,0x00000000f7380000,0x00000000fb380000)
 ParOldGen       total 301056K, used 117320K [0x00000000a0000000, 0x00000000b2600000, 0x00000000e0000000)
  object space 301056K, 38% used [0x00000000a0000000,0x00000000a72923d8,0x00000000b2600000)
 Metaspace       used 111193K, capacity 117261K, committed 117504K, reserved 1150976K
  class space    used 13830K, capacity 15084K, committed 15104K, reserved 1048576K
Event: 3833.716 GC heap after
Heap after GC invocations=61 (full 6):
 PSYoungGen      total 445952K, used 11861K [0x00000000e0000000, 0x00000000ffe00000, 0x0000000100000000)
  eden space 380416K, 0% used [0x00000000e0000000,0x00000000e0000000,0x00000000f7380000)
  from space 65536K, 18% used [0x00000000f7380000,0x00000000f7f15728,0x00000000fb380000)
  to   space 61440K, 0% used [0x00000000fc200000,0x00000000fc200000,0x00000000ffe00000)
 ParOldGen       total 301056K, used 117712K [0x00000000a0000000, 0x00000000b2600000, 0x00000000e0000000)
  object space 301056K, 39% used [0x00000000a0000000,0x00000000a72f43e8,0x00000000b2600000)
 Metaspace       used 111193K, capacity 117261K, committed 117504K, reserved 1150976K
  class space    used 13830K, capacity 15084K, committed 15104K, reserved 1048576K
}
Event: 3890.557 GC heap before
{Heap before GC invocations=62 (full 6):
 PSYoungGen      total 445952K, used 392277K [0x00000000e0000000, 0x00000000ffe00000, 0x0000000100000000)
  eden space 380416K, 100% used [0x00000000e0000000,0x00000000f7380000,0x00000000f7380000)
  from space 65536K, 18% used [0x00000000f7380000,0x00000000f7f15728,0x00000000fb380000)
  to   space 61440K, 0% used [0x00000000fc200000,0x00000000fc200000,0x00000000ffe00000)
 ParOldGen       total 301056K, used 117712K [0x00000000a0000000, 0x00000000b2600000, 0x00000000e0000000)
  object space 301056K, 39% used [0x00000000a0000000,0x00000000a72f43e8,0x00000000b2600000)
 Metaspace       used 111369K, capacity 117557K, committed 117888K, reserved 1153024K
  class space    used 13846K, capacity 15112K, committed 15232K, reserved 1048576K
Event: 3890.599 GC heap after
Heap after GC invocations=62 (full 6):
 PSYoungGen      total 449536K, used 9184K [0x00000000e0000000, 0x00000000ff500000, 0x0000000100000000)
  eden space 397312K, 0% used [0x00000000e0000000,0x00000000e0000000,0x00000000f8400000)
  from space 52224K, 17% used [0x00000000fc200000,0x00000000fcaf8000,0x00000000ff500000)
  to   space 57856K, 0% used [0x00000000f8400000,0x00000000f8400000,0x00000000fbc80000)
 ParOldGen       total 301056K, used 118467K [0x00000000a0000000, 0x00000000b2600000, 0x00000000e0000000)
  object space 301056K, 39% used [0x00000000a0000000,0x00000000a73b0cf0,0x00000000b2600000)
 Metaspace       used 111369K, capacity 117557K, committed 117888K, reserved 1153024K
  class space    used 13846K, capacity 15112K, committed 15232K, reserved 1048576K
}
Event: 4165.505 GC heap before
{Heap before GC invocations=63 (full 6):
 PSYoungGen      total 449536K, used 406496K [0x00000000e0000000, 0x00000000ff500000, 0x0000000100000000)
  eden space 397312K, 100% used [0x00000000e0000000,0x00000000f8400000,0x00000000f8400000)
  from space 52224K, 17% used [0x00000000fc200000,0x00000000fcaf8000,0x00000000ff500000)
  to   space 57856K, 0% used [0x00000000f8400000,0x00000000f8400000,0x00000000fbc80000)
 ParOldGen       total 301056K, used 118467K [0x00000000a0000000, 0x00000000b2600000, 0x00000000e0000000)
  object space 301056K, 39% used [0x00000000a0000000,0x00000000a73b0cf0,0x00000000b2600000)
 Metaspace       used 112316K, capacity 119415K, committed 119680K, reserved 1153024K
  class space    used 13996K, capacity 15389K, committed 15488K, reserved 1048576K
Event: 4165.524 GC heap after
Heap after GC invocations=63 (full 6):
 PSYoungGen      total 455168K, used 9968K [0x00000000e0000000, 0x00000000ffe80000, 0x0000000100000000)
  eden space 397312K, 0% used [0x00000000e0000000,0x00000000e0000000,0x00000000f8400000)
  from space 57856K, 17% used [0x00000000f8400000,0x00000000f8dbc010,0x00000000fbc80000)
  to   space 54272K, 0% used [0x00000000fc980000,0x00000000fc980000,0x00000000ffe80000)
 ParOldGen       total 301056K, used 118787K [0x00000000a0000000, 0x00000000b2600000, 0x00000000e0000000)
  object space 301056K, 39% used [0x00000000a0000000,0x00000000a7400d00,0x00000000b2600000)
 Metaspace       used 112316K, capacity 119415K, committed 119680K, reserved 1153024K
  class space    used 13996K, capacity 15389K, committed 15488K, reserved 1048576K
}
Event: 4452.331 GC heap before
{Heap before GC invocations=64 (full 6):
 PSYoungGen      total 455168K, used 407280K [0x00000000e0000000, 0x00000000ffe80000, 0x0000000100000000)
  eden space 397312K, 100% used [0x00000000e0000000,0x00000000f8400000,0x00000000f8400000)
  from space 57856K, 17% used [0x00000000f8400000,0x00000000f8dbc010,0x00000000fbc80000)
  to   space 54272K, 0% used [0x00000000fc980000,0x00000000fc980000,0x00000000ffe80000)
 ParOldGen       total 301056K, used 118787K [0x00000000a0000000, 0x00000000b2600000, 0x00000000e0000000)
  object space 301056K, 39% used [0x00000000a0000000,0x00000000a7400d00,0x00000000b2600000)
 Metaspace       used 112809K, capacity 120235K, committed 120576K, reserved 1155072K
  class space    used 14039K, capacity 15522K, committed 15616K, reserved 1048576K
Event: 4452.350 GC heap after
Heap after GC invocations=64 (full 6):
 PSYoungGen      total 458240K, used 8087K [0x00000000e0000000, 0x00000000ff680000, 0x0000000100000000)
  eden space 412160K, 0% used [0x00000000e0000000,0x00000000e0000000,0x00000000f9280000)
  from space 46080K, 17% used [0x00000000fc980000,0x00000000fd165c98,0x00000000ff680000)
  to   space 51200K, 0% used [0x00000000f9280000,0x00000000f9280000,0x00000000fc480000)
 ParOldGen       total 301056K, used 119267K [0x00000000a0000000, 0x00000000b2600000, 0x00000000e0000000)
  object space 301056K, 39% used [0x00000000a0000000,0x00000000a7478d10,0x00000000b2600000)
 Metaspace       used 112809K, capacity 120235K, committed 120576K, reserved 1155072K
  class space    used 14039K, capacity 15522K, committed 15616K, reserved 1048576K
}

