# JRE version: OpenJDK Runtime Environment (8.0_152-b01) (build 1.8.0_152-release-1248-b01)
# Java VM: OpenJDK 64-Bit Server VM (25.152-b01 mixed mode windows-amd64 compressed oops)
Heap:
 PSYoungGen      total 145408K, used 68096K [0x00000000e0000000, 0x00000000ed100000, 0x0000000100000000)
  eden space 114176K, 45% used [0x00000000e0000000,0x00000000e32e8528,0x00000000e6f80000)
  from space 31232K, 51% used [0x00000000e6f80000,0x00000000e7f17d48,0x00000000e8e00000)
  to   space 30208K, 0% used [0x00000000eb380000,0x00000000eb380000,0x00000000ed100000)
 ParOldGen       total 112640K, used 63741K [0x00000000a0000000, 0x00000000a6e00000, 0x00000000e0000000)
  object space 112640K, 56% used [0x00000000a0000000,0x00000000a3e3f568,0x00000000a6e00000)
 Metaspace       used 50430K, capacity 51309K, committed 51504K, reserved 1093632K
  class space    used 6162K, capacity 6394K, committed 6448K, reserved 1048576K
GC Heap History (10 events):
Event: 9.904 GC heap before
{Heap before GC invocations=12 (full 3):
 PSYoungGen      total 75264K, used 75003K [0x00000000e0000000, 0x00000000e6400000, 0x0000000100000000)
  eden space 60928K, 100% used [0x00000000e0000000,0x00000000e3b80000,0x00000000e3b80000)
  from space 14336K, 98% used [0x00000000e5600000,0x00000000e63bee10,0x00000000e6400000)
  to   space 17408K, 0% used [0x00000000e4200000,0x00000000e4200000,0x00000000e5300000)
 ParOldGen       total 112640K, used 22117K [0x00000000a0000000, 0x00000000a6e00000, 0x00000000e0000000)
  object space 112640K, 19% used [0x00000000a0000000,0x00000000a1599740,0x00000000a6e00000)
 Metaspace       used 40093K, capacity 40635K, committed 41008K, reserved 1085440K
  class space    used 4980K, capacity 5129K, committed 5168K, reserved 1048576K
Event: 9.926 GC heap after
Heap after GC invocations=12 (full 3):
 PSYoungGen      total 84992K, used 17376K [0x00000000e0000000, 0x00000000e8080000, 0x0000000100000000)
  eden space 67584K, 0% used [0x00000000e0000000,0x00000000e0000000,0x00000000e4200000)
  from space 17408K, 99% used [0x00000000e4200000,0x00000000e52f8160,0x00000000e5300000)
  to   space 20992K, 0% used [0x00000000e6c00000,0x00000000e6c00000,0x00000000e8080000)
 ParOldGen       total 112640K, used 25174K [0x00000000a0000000, 0x00000000a6e00000, 0x00000000e0000000)
  object space 112640K, 22% used [0x00000000a0000000,0x00000000a18958e8,0x00000000a6e00000)
 Metaspace       used 40093K, capacity 40635K, committed 41008K, reserved 1085440K
  class space    used 4980K, capacity 5129K, committed 5168K, reserved 1048576K
}
Event: 10.493 GC heap before
{Heap before GC invocations=13 (full 3):
 PSYoungGen      total 84992K, used 84960K [0x00000000e0000000, 0x00000000e8080000, 0x0000000100000000)
  eden space 67584K, 100% used [0x00000000e0000000,0x00000000e4200000,0x00000000e4200000)
  from space 17408K, 99% used [0x00000000e4200000,0x00000000e52f8160,0x00000000e5300000)
  to   space 20992K, 0% used [0x00000000e6c00000,0x00000000e6c00000,0x00000000e8080000)
 ParOldGen       total 112640K, used 25174K [0x00000000a0000000, 0x00000000a6e00000, 0x00000000e0000000)
  object space 112640K, 22% used [0x00000000a0000000,0x00000000a18958e8,0x00000000a6e00000)
 Metaspace       used 40564K, capacity 41153K, committed 41520K, reserved 1085440K
  class space    used 5014K, capacity 5166K, committed 5168K, reserved 1048576K
Event: 10.533 GC heap after
Heap after GC invocations=13 (full 3):
 PSYoungGen      total 104960K, used 20985K [0x00000000e0000000, 0x00000000e8d80000, 0x0000000100000000)
  eden space 83968K, 0% used [0x00000000e0000000,0x00000000e0000000,0x00000000e5200000)
  from space 20992K, 99% used [0x00000000e6c00000,0x00000000e807e4c8,0x00000000e8080000)
  to   space 26624K, 0% used [0x00000000e5200000,0x00000000e5200000,0x00000000e6c00000)
 ParOldGen       total 112640K, used 32819K [0x00000000a0000000, 0x00000000a6e00000, 0x00000000e0000000)
  object space 112640K, 29% used [0x00000000a0000000,0x00000000a200cdb0,0x00000000a6e00000)
 Metaspace       used 40564K, capacity 41153K, committed 41520K, reserved 1085440K
  class space    used 5014K, capacity 5166K, committed 5168K, reserved 1048576K
}
Event: 11.509 GC heap before
{Heap before GC invocations=14 (full 3):
 PSYoungGen      total 104960K, used 104953K [0x00000000e0000000, 0x00000000e8d80000, 0x0000000100000000)
  eden space 83968K, 100% used [0x00000000e0000000,0x00000000e5200000,0x00000000e5200000)
  from space 20992K, 99% used [0x00000000e6c00000,0x00000000e807e4c8,0x00000000e8080000)
  to   space 26624K, 0% used [0x00000000e5200000,0x00000000e5200000,0x00000000e6c00000)
 ParOldGen       total 112640K, used 32819K [0x00000000a0000000, 0x00000000a6e00000, 0x00000000e0000000)
  object space 112640K, 29% used [0x00000000a0000000,0x00000000a200cdb0,0x00000000a6e00000)
 Metaspace       used 43952K, capacity 44603K, committed 44720K, reserved 1089536K
  class space    used 5396K, capacity 5545K, committed 5552K, reserved 1048576K
Event: 11.538 GC heap after
Heap after GC invocations=14 (full 3):
 PSYoungGen      total 110592K, used 26606K [0x00000000e0000000, 0x00000000ead80000, 0x0000000100000000)
  eden space 83968K, 0% used [0x00000000e0000000,0x00000000e0000000,0x00000000e5200000)
  from space 26624K, 99% used [0x00000000e5200000,0x00000000e6bfb950,0x00000000e6c00000)
  to   space 32256K, 0% used [0x00000000e8e00000,0x00000000e8e00000,0x00000000ead80000)
 ParOldGen       total 112640K, used 37211K [0x00000000a0000000, 0x00000000a6e00000, 0x00000000e0000000)
  object space 112640K, 33% used [0x00000000a0000000,0x00000000a2456cf0,0x00000000a6e00000)
 Metaspace       used 43952K, capacity 44603K, committed 44720K, reserved 1089536K
  class space    used 5396K, capacity 5545K, committed 5552K, reserved 1048576K
}
Event: 12.099 GC heap before
{Heap before GC invocations=15 (full 3):
 PSYoungGen      total 110592K, used 110574K [0x00000000e0000000, 0x00000000ead80000, 0x0000000100000000)
  eden space 83968K, 100% used [0x00000000e0000000,0x00000000e5200000,0x00000000e5200000)
  from space 26624K, 99% used [0x00000000e5200000,0x00000000e6bfb950,0x00000000e6c00000)
  to   space 32256K, 0% used [0x00000000e8e00000,0x00000000e8e00000,0x00000000ead80000)
 ParOldGen       total 112640K, used 37211K [0x00000000a0000000, 0x00000000a6e00000, 0x00000000e0000000)
  object space 112640K, 33% used [0x00000000a0000000,0x00000000a2456cf0,0x00000000a6e00000)
 Metaspace       used 44953K, capacity 45707K, committed 46000K, reserved 1089536K
  class space    used 5513K, capacity 5691K, committed 5808K, reserved 1048576K
Event: 12.130 GC heap after
Heap after GC invocations=15 (full 3):
 PSYoungGen      total 146432K, used 16735K [0x00000000e0000000, 0x00000000ead80000, 0x0000000100000000)
  eden space 114176K, 0% used [0x00000000e0000000,0x00000000e0000000,0x00000000e6f80000)
  from space 32256K, 51% used [0x00000000e8e00000,0x00000000e9e57c48,0x00000000ead80000)
  to   space 31232K, 0% used [0x00000000e6f80000,0x00000000e6f80000,0x00000000e8e00000)
 ParOldGen       total 112640K, used 51376K [0x00000000a0000000, 0x00000000a6e00000, 0x00000000e0000000)
  object space 112640K, 45% used [0x00000000a0000000,0x00000000a322c1c0,0x00000000a6e00000)
 Metaspace       used 44953K, capacity 45707K, committed 46000K, reserved 1089536K
  class space    used 5513K, capacity 5691K, committed 5808K, reserved 1048576K
}
Event: 14.418 GC heap before
{Heap before GC invocations=16 (full 3):
 PSYoungGen      total 146432K, used 130911K [0x00000000e0000000, 0x00000000ead80000, 0x0000000100000000)
  eden space 114176K, 100% used [0x00000000e0000000,0x00000000e6f80000,0x00000000e6f80000)
  from space 32256K, 51% used [0x00000000e8e00000,0x00000000e9e57c48,0x00000000ead80000)
  to   space 31232K, 0% used [0x00000000e6f80000,0x00000000e6f80000,0x00000000e8e00000)
 ParOldGen       total 112640K, used 51376K [0x00000000a0000000, 0x00000000a6e00000, 0x00000000e0000000)
  object space 112640K, 45% used [0x00000000a0000000,0x00000000a322c1c0,0x00000000a6e00000)
 Metaspace       used 48912K, capacity 49783K, committed 50096K, reserved 1093632K
  class space    used 6013K, capacity 6257K, committed 6320K, reserved 1048576K
Event: 14.449 GC heap after
Heap after GC invocations=16 (full 3):
 PSYoungGen      total 145408K, used 15967K [0x00000000e0000000, 0x00000000ed100000, 0x0000000100000000)
  eden space 114176K, 0% used [0x00000000e0000000,0x00000000e0000000,0x00000000e6f80000)
  from space 31232K, 51% used [0x00000000e6f80000,0x00000000e7f17d48,0x00000000e8e00000)
  to   space 30208K, 0% used [0x00000000eb380000,0x00000000eb380000,0x00000000ed100000)
 ParOldGen       total 112640K, used 63741K [0x00000000a0000000, 0x00000000a6e00000, 0x00000000e0000000)
  object space 112640K, 56% used [0x00000000a0000000,0x00000000a3e3f568,0x00000000a6e00000)
 Metaspace       used 48912K, capacity 49783K, committed 50096K, reserved 1093632K
  class space    used 6013K, capacity 6257K, committed 6320K, reserved 1048576K
}

